{"/Users/bfguo/Dropbox/Mac/Documents/LinkDAO/app/backend/src/controllers/followController.ts": {"path":"/Users/bfguo/Dropbox/Mac/Documents/LinkDAO/app/backend/src/controllers/followController.ts","statementMap":{"0":{"start":{"line":2,"column":0},"end":{"line":2,"column":58}},"1":{"start":{"line":4,"column":22},"end":{"line":4,"column":41}},"2":{"start":{"line":8,"column":4},"end":{"line":28,"column":5}},"3":{"start":{"line":9,"column":38},"end":{"line":9,"column":46}},"4":{"start":{"line":11,"column":6},"end":{"line":13,"column":7}},"5":{"start":{"line":12,"column":8},"end":{"line":12,"column":101}},"6":{"start":{"line":15,"column":6},"end":{"line":17,"column":7}},"7":{"start":{"line":16,"column":8},"end":{"line":16,"column":73}},"8":{"start":{"line":19,"column":21},"end":{"line":19,"column":68}},"9":{"start":{"line":21,"column":6},"end":{"line":25,"column":7}},"10":{"start":{"line":22,"column":8},"end":{"line":22,"column":74}},"11":{"start":{"line":24,"column":8},"end":{"line":24,"column":78}},"12":{"start":{"line":27,"column":6},"end":{"line":27,"column":60}},"13":{"start":{"line":32,"column":4},"end":{"line":48,"column":5}},"14":{"start":{"line":33,"column":38},"end":{"line":33,"column":46}},"15":{"start":{"line":35,"column":6},"end":{"line":37,"column":7}},"16":{"start":{"line":36,"column":8},"end":{"line":36,"column":101}},"17":{"start":{"line":39,"column":21},"end":{"line":39,"column":70}},"18":{"start":{"line":41,"column":6},"end":{"line":45,"column":7}},"19":{"start":{"line":42,"column":8},"end":{"line":42,"column":64}},"20":{"start":{"line":44,"column":8},"end":{"line":44,"column":74}},"21":{"start":{"line":47,"column":6},"end":{"line":47,"column":60}},"22":{"start":{"line":52,"column":4},"end":{"line":58,"column":5}},"23":{"start":{"line":53,"column":26},"end":{"line":53,"column":36}},"24":{"start":{"line":54,"column":24},"end":{"line":54,"column":65}},"25":{"start":{"line":55,"column":6},"end":{"line":55,"column":33}},"26":{"start":{"line":57,"column":6},"end":{"line":57,"column":60}},"27":{"start":{"line":62,"column":4},"end":{"line":68,"column":5}},"28":{"start":{"line":63,"column":26},"end":{"line":63,"column":36}},"29":{"start":{"line":64,"column":24},"end":{"line":64,"column":65}},"30":{"start":{"line":65,"column":6},"end":{"line":65,"column":33}},"31":{"start":{"line":67,"column":6},"end":{"line":67,"column":60}},"32":{"start":{"line":72,"column":4},"end":{"line":78,"column":5}},"33":{"start":{"line":73,"column":38},"end":{"line":73,"column":48}},"34":{"start":{"line":74,"column":26},"end":{"line":74,"column":78}},"35":{"start":{"line":75,"column":6},"end":{"line":75,"column":39}},"36":{"start":{"line":77,"column":6},"end":{"line":77,"column":60}},"37":{"start":{"line":82,"column":4},"end":{"line":88,"column":5}},"38":{"start":{"line":83,"column":26},"end":{"line":83,"column":36}},"39":{"start":{"line":84,"column":20},"end":{"line":84,"column":63}},"40":{"start":{"line":85,"column":6},"end":{"line":85,"column":29}},"41":{"start":{"line":87,"column":6},"end":{"line":87,"column":60}},"42":{"start":{"line":6,"column":0},"end":{"line":6,"column":13}}},"fnMap":{"0":{"name":"(anonymous_0)","decl":{"start":{"line":7,"column":2},"end":{"line":7,"column":7}},"loc":{"start":{"line":7,"column":42},"end":{"line":29,"column":3}}},"1":{"name":"(anonymous_1)","decl":{"start":{"line":31,"column":2},"end":{"line":31,"column":7}},"loc":{"start":{"line":31,"column":44},"end":{"line":49,"column":3}}},"2":{"name":"(anonymous_2)","decl":{"start":{"line":51,"column":2},"end":{"line":51,"column":7}},"loc":{"start":{"line":51,"column":48},"end":{"line":59,"column":3}}},"3":{"name":"(anonymous_3)","decl":{"start":{"line":61,"column":2},"end":{"line":61,"column":7}},"loc":{"start":{"line":61,"column":48},"end":{"line":69,"column":3}}},"4":{"name":"(anonymous_4)","decl":{"start":{"line":71,"column":2},"end":{"line":71,"column":7}},"loc":{"start":{"line":71,"column":47},"end":{"line":79,"column":3}}},"5":{"name":"(anonymous_5)","decl":{"start":{"line":81,"column":2},"end":{"line":81,"column":7}},"loc":{"start":{"line":81,"column":50},"end":{"line":89,"column":3}}}},"branchMap":{"0":{"loc":{"start":{"line":11,"column":6},"end":{"line":13,"column":7}},"type":"if","locations":[{"start":{"line":11,"column":6},"end":{"line":13,"column":7}}]},"1":{"loc":{"start":{"line":11,"column":10},"end":{"line":11,"column":33}},"type":"binary-expr","locations":[{"start":{"line":11,"column":10},"end":{"line":11,"column":19}},{"start":{"line":11,"column":23},"end":{"line":11,"column":33}}]},"2":{"loc":{"start":{"line":15,"column":6},"end":{"line":17,"column":7}},"type":"if","locations":[{"start":{"line":15,"column":6},"end":{"line":17,"column":7}}]},"3":{"loc":{"start":{"line":21,"column":6},"end":{"line":25,"column":7}},"type":"if","locations":[{"start":{"line":21,"column":6},"end":{"line":25,"column":7}},{"start":{"line":23,"column":13},"end":{"line":25,"column":7}}]},"4":{"loc":{"start":{"line":35,"column":6},"end":{"line":37,"column":7}},"type":"if","locations":[{"start":{"line":35,"column":6},"end":{"line":37,"column":7}}]},"5":{"loc":{"start":{"line":35,"column":10},"end":{"line":35,"column":33}},"type":"binary-expr","locations":[{"start":{"line":35,"column":10},"end":{"line":35,"column":19}},{"start":{"line":35,"column":23},"end":{"line":35,"column":33}}]},"6":{"loc":{"start":{"line":41,"column":6},"end":{"line":45,"column":7}},"type":"if","locations":[{"start":{"line":41,"column":6},"end":{"line":45,"column":7}},{"start":{"line":43,"column":13},"end":{"line":45,"column":7}}]}},"s":{"0":0,"1":0,"2":0,"3":0,"4":0,"5":0,"6":0,"7":0,"8":0,"9":0,"10":0,"11":0,"12":0,"13":0,"14":0,"15":0,"16":0,"17":0,"18":0,"19":0,"20":0,"21":0,"22":0,"23":0,"24":0,"25":0,"26":0,"27":0,"28":0,"29":0,"30":0,"31":0,"32":0,"33":0,"34":0,"35":0,"36":0,"37":0,"38":0,"39":0,"40":0,"41":0,"42":0},"f":{"0":0,"1":0,"2":0,"3":0,"4":0,"5":0},"b":{"0":[0],"1":[0,0],"2":[0],"3":[0,0],"4":[0],"5":[0,0],"6":[0,0]}}
,"/Users/bfguo/Dropbox/Mac/Documents/LinkDAO/app/backend/src/controllers/postController.ts": {"path":"/Users/bfguo/Dropbox/Mac/Documents/LinkDAO/app/backend/src/controllers/postController.ts","statementMap":{"0":{"start":{"line":2,"column":0},"end":{"line":2,"column":54}},"1":{"start":{"line":5,"column":20},"end":{"line":5,"column":37}},"2":{"start":{"line":9,"column":4},"end":{"line":15,"column":5}},"3":{"start":{"line":10,"column":37},"end":{"line":10,"column":45}},"4":{"start":{"line":11,"column":19},"end":{"line":11,"column":54}},"5":{"start":{"line":12,"column":6},"end":{"line":12,"column":40}},"6":{"start":{"line":14,"column":6},"end":{"line":14,"column":60}},"7":{"start":{"line":19,"column":4},"end":{"line":28,"column":5}},"8":{"start":{"line":20,"column":21},"end":{"line":20,"column":31}},"9":{"start":{"line":21,"column":19},"end":{"line":21,"column":52}},"10":{"start":{"line":22,"column":6},"end":{"line":24,"column":7}},"11":{"start":{"line":23,"column":8},"end":{"line":23,"column":65}},"12":{"start":{"line":25,"column":6},"end":{"line":25,"column":28}},"13":{"start":{"line":27,"column":6},"end":{"line":27,"column":60}},"14":{"start":{"line":32,"column":4},"end":{"line":38,"column":5}},"15":{"start":{"line":33,"column":25},"end":{"line":33,"column":35}},"16":{"start":{"line":34,"column":20},"end":{"line":34,"column":62}},"17":{"start":{"line":35,"column":6},"end":{"line":35,"column":29}},"18":{"start":{"line":37,"column":6},"end":{"line":37,"column":60}},"19":{"start":{"line":42,"column":4},"end":{"line":48,"column":5}},"20":{"start":{"line":43,"column":22},"end":{"line":43,"column":32}},"21":{"start":{"line":44,"column":20},"end":{"line":44,"column":56}},"22":{"start":{"line":45,"column":6},"end":{"line":45,"column":29}},"23":{"start":{"line":47,"column":6},"end":{"line":47,"column":60}},"24":{"start":{"line":52,"column":4},"end":{"line":62,"column":5}},"25":{"start":{"line":53,"column":21},"end":{"line":53,"column":31}},"26":{"start":{"line":54,"column":37},"end":{"line":54,"column":45}},"27":{"start":{"line":55,"column":19},"end":{"line":55,"column":58}},"28":{"start":{"line":56,"column":6},"end":{"line":58,"column":7}},"29":{"start":{"line":57,"column":8},"end":{"line":57,"column":65}},"30":{"start":{"line":59,"column":6},"end":{"line":59,"column":28}},"31":{"start":{"line":61,"column":6},"end":{"line":61,"column":60}},"32":{"start":{"line":66,"column":4},"end":{"line":75,"column":5}},"33":{"start":{"line":67,"column":21},"end":{"line":67,"column":31}},"34":{"start":{"line":68,"column":22},"end":{"line":68,"column":54}},"35":{"start":{"line":69,"column":6},"end":{"line":71,"column":7}},"36":{"start":{"line":70,"column":8},"end":{"line":70,"column":65}},"37":{"start":{"line":72,"column":6},"end":{"line":72,"column":36}},"38":{"start":{"line":74,"column":6},"end":{"line":74,"column":60}},"39":{"start":{"line":79,"column":4},"end":{"line":84,"column":5}},"40":{"start":{"line":80,"column":20},"end":{"line":80,"column":51}},"41":{"start":{"line":81,"column":6},"end":{"line":81,"column":29}},"42":{"start":{"line":83,"column":6},"end":{"line":83,"column":60}},"43":{"start":{"line":88,"column":4},"end":{"line":95,"column":5}},"44":{"start":{"line":90,"column":22},"end":{"line":90,"column":61}},"45":{"start":{"line":91,"column":20},"end":{"line":91,"column":54}},"46":{"start":{"line":92,"column":6},"end":{"line":92,"column":29}},"47":{"start":{"line":94,"column":6},"end":{"line":94,"column":60}},"48":{"start":{"line":7,"column":0},"end":{"line":7,"column":13}}},"fnMap":{"0":{"name":"(anonymous_0)","decl":{"start":{"line":8,"column":2},"end":{"line":8,"column":7}},"loc":{"start":{"line":8,"column":46},"end":{"line":16,"column":3}}},"1":{"name":"(anonymous_1)","decl":{"start":{"line":18,"column":2},"end":{"line":18,"column":7}},"loc":{"start":{"line":18,"column":47},"end":{"line":29,"column":3}}},"2":{"name":"(anonymous_2)","decl":{"start":{"line":31,"column":2},"end":{"line":31,"column":7}},"loc":{"start":{"line":31,"column":52},"end":{"line":39,"column":3}}},"3":{"name":"(anonymous_3)","decl":{"start":{"line":41,"column":2},"end":{"line":41,"column":7}},"loc":{"start":{"line":41,"column":49},"end":{"line":49,"column":3}}},"4":{"name":"(anonymous_4)","decl":{"start":{"line":51,"column":2},"end":{"line":51,"column":7}},"loc":{"start":{"line":51,"column":46},"end":{"line":63,"column":3}}},"5":{"name":"(anonymous_5)","decl":{"start":{"line":65,"column":2},"end":{"line":65,"column":7}},"loc":{"start":{"line":65,"column":46},"end":{"line":76,"column":3}}},"6":{"name":"(anonymous_6)","decl":{"start":{"line":78,"column":2},"end":{"line":78,"column":7}},"loc":{"start":{"line":78,"column":47},"end":{"line":85,"column":3}}},"7":{"name":"(anonymous_7)","decl":{"start":{"line":87,"column":2},"end":{"line":87,"column":7}},"loc":{"start":{"line":87,"column":43},"end":{"line":96,"column":3}}}},"branchMap":{"0":{"loc":{"start":{"line":22,"column":6},"end":{"line":24,"column":7}},"type":"if","locations":[{"start":{"line":22,"column":6},"end":{"line":24,"column":7}}]},"1":{"loc":{"start":{"line":56,"column":6},"end":{"line":58,"column":7}},"type":"if","locations":[{"start":{"line":56,"column":6},"end":{"line":58,"column":7}}]},"2":{"loc":{"start":{"line":69,"column":6},"end":{"line":71,"column":7}},"type":"if","locations":[{"start":{"line":69,"column":6},"end":{"line":71,"column":7}}]}},"s":{"0":0,"1":0,"2":0,"3":0,"4":0,"5":0,"6":0,"7":0,"8":0,"9":0,"10":0,"11":0,"12":0,"13":0,"14":0,"15":0,"16":0,"17":0,"18":0,"19":0,"20":0,"21":0,"22":0,"23":0,"24":0,"25":0,"26":0,"27":0,"28":0,"29":0,"30":0,"31":0,"32":0,"33":0,"34":0,"35":0,"36":0,"37":0,"38":0,"39":0,"40":0,"41":0,"42":0,"43":0,"44":0,"45":0,"46":0,"47":0,"48":0},"f":{"0":0,"1":0,"2":0,"3":0,"4":0,"5":0,"6":0,"7":0},"b":{"0":[0],"1":[0],"2":[0]}}
,"/Users/bfguo/Dropbox/Mac/Documents/LinkDAO/app/backend/src/controllers/userProfileController.ts": {"path":"/Users/bfguo/Dropbox/Mac/Documents/LinkDAO/app/backend/src/controllers/userProfileController.ts","statementMap":{"0":{"start":{"line":2,"column":0},"end":{"line":2,"column":68}},"1":{"start":{"line":5,"column":27},"end":{"line":5,"column":51}},"2":{"start":{"line":9,"column":4},"end":{"line":15,"column":5}},"3":{"start":{"line":10,"column":44},"end":{"line":10,"column":52}},"4":{"start":{"line":11,"column":22},"end":{"line":11,"column":67}},"5":{"start":{"line":12,"column":6},"end":{"line":12,"column":43}},"6":{"start":{"line":14,"column":6},"end":{"line":14,"column":60}},"7":{"start":{"line":19,"column":4},"end":{"line":28,"column":5}},"8":{"start":{"line":20,"column":21},"end":{"line":20,"column":31}},"9":{"start":{"line":21,"column":22},"end":{"line":21,"column":65}},"10":{"start":{"line":22,"column":6},"end":{"line":24,"column":7}},"11":{"start":{"line":23,"column":8},"end":{"line":23,"column":68}},"12":{"start":{"line":25,"column":6},"end":{"line":25,"column":31}},"13":{"start":{"line":27,"column":6},"end":{"line":27,"column":60}},"14":{"start":{"line":32,"column":4},"end":{"line":41,"column":5}},"15":{"start":{"line":33,"column":26},"end":{"line":33,"column":36}},"16":{"start":{"line":34,"column":22},"end":{"line":34,"column":75}},"17":{"start":{"line":35,"column":6},"end":{"line":37,"column":7}},"18":{"start":{"line":36,"column":8},"end":{"line":36,"column":68}},"19":{"start":{"line":38,"column":6},"end":{"line":38,"column":31}},"20":{"start":{"line":40,"column":6},"end":{"line":40,"column":60}},"21":{"start":{"line":45,"column":4},"end":{"line":55,"column":5}},"22":{"start":{"line":46,"column":21},"end":{"line":46,"column":31}},"23":{"start":{"line":47,"column":44},"end":{"line":47,"column":52}},"24":{"start":{"line":48,"column":22},"end":{"line":48,"column":71}},"25":{"start":{"line":49,"column":6},"end":{"line":51,"column":7}},"26":{"start":{"line":50,"column":8},"end":{"line":50,"column":68}},"27":{"start":{"line":52,"column":6},"end":{"line":52,"column":31}},"28":{"start":{"line":54,"column":6},"end":{"line":54,"column":60}},"29":{"start":{"line":59,"column":4},"end":{"line":68,"column":5}},"30":{"start":{"line":60,"column":21},"end":{"line":60,"column":31}},"31":{"start":{"line":61,"column":22},"end":{"line":61,"column":64}},"32":{"start":{"line":62,"column":6},"end":{"line":64,"column":7}},"33":{"start":{"line":63,"column":8},"end":{"line":63,"column":68}},"34":{"start":{"line":65,"column":6},"end":{"line":65,"column":36}},"35":{"start":{"line":67,"column":6},"end":{"line":67,"column":60}},"36":{"start":{"line":72,"column":4},"end":{"line":77,"column":5}},"37":{"start":{"line":73,"column":23},"end":{"line":73,"column":64}},"38":{"start":{"line":74,"column":6},"end":{"line":74,"column":32}},"39":{"start":{"line":76,"column":6},"end":{"line":76,"column":60}},"40":{"start":{"line":7,"column":0},"end":{"line":7,"column":13}}},"fnMap":{"0":{"name":"(anonymous_0)","decl":{"start":{"line":8,"column":2},"end":{"line":8,"column":7}},"loc":{"start":{"line":8,"column":49},"end":{"line":16,"column":3}}},"1":{"name":"(anonymous_1)","decl":{"start":{"line":18,"column":2},"end":{"line":18,"column":7}},"loc":{"start":{"line":18,"column":50},"end":{"line":29,"column":3}}},"2":{"name":"(anonymous_2)","decl":{"start":{"line":31,"column":2},"end":{"line":31,"column":7}},"loc":{"start":{"line":31,"column":55},"end":{"line":42,"column":3}}},"3":{"name":"(anonymous_3)","decl":{"start":{"line":44,"column":2},"end":{"line":44,"column":7}},"loc":{"start":{"line":44,"column":49},"end":{"line":56,"column":3}}},"4":{"name":"(anonymous_4)","decl":{"start":{"line":58,"column":2},"end":{"line":58,"column":7}},"loc":{"start":{"line":58,"column":49},"end":{"line":69,"column":3}}},"5":{"name":"(anonymous_5)","decl":{"start":{"line":71,"column":2},"end":{"line":71,"column":7}},"loc":{"start":{"line":71,"column":50},"end":{"line":78,"column":3}}}},"branchMap":{"0":{"loc":{"start":{"line":22,"column":6},"end":{"line":24,"column":7}},"type":"if","locations":[{"start":{"line":22,"column":6},"end":{"line":24,"column":7}}]},"1":{"loc":{"start":{"line":35,"column":6},"end":{"line":37,"column":7}},"type":"if","locations":[{"start":{"line":35,"column":6},"end":{"line":37,"column":7}}]},"2":{"loc":{"start":{"line":49,"column":6},"end":{"line":51,"column":7}},"type":"if","locations":[{"start":{"line":49,"column":6},"end":{"line":51,"column":7}}]},"3":{"loc":{"start":{"line":62,"column":6},"end":{"line":64,"column":7}},"type":"if","locations":[{"start":{"line":62,"column":6},"end":{"line":64,"column":7}}]}},"s":{"0":0,"1":0,"2":0,"3":0,"4":0,"5":0,"6":0,"7":0,"8":0,"9":0,"10":0,"11":0,"12":0,"13":0,"14":0,"15":0,"16":0,"17":0,"18":0,"19":0,"20":0,"21":0,"22":0,"23":0,"24":0,"25":0,"26":0,"27":0,"28":0,"29":0,"30":0,"31":0,"32":0,"33":0,"34":0,"35":0,"36":0,"37":0,"38":0,"39":0,"40":0},"f":{"0":0,"1":0,"2":0,"3":0,"4":0,"5":0},"b":{"0":[0],"1":[0],"2":[0],"3":[0]}}
,"/Users/bfguo/Dropbox/Mac/Documents/LinkDAO/app/backend/src/routes/aiRoutes.ts": {"path":"/Users/bfguo/Dropbox/Mac/Documents/LinkDAO/app/backend/src/routes/aiRoutes.ts","statementMap":{"0":{"start":{"line":1,"column":0},"end":{"line":1,"column":30}},"1":{"start":{"line":2,"column":0},"end":{"line":2,"column":94}},"2":{"start":{"line":4,"column":15},"end":{"line":4,"column":31}},"3":{"start":{"line":9,"column":0},"end":{"line":16,"column":3}},"4":{"start":{"line":10,"column":2},"end":{"line":15,"column":3}},"5":{"start":{"line":11,"column":17},"end":{"line":11,"column":29}},"6":{"start":{"line":12,"column":4},"end":{"line":12,"column":30}},"7":{"start":{"line":14,"column":4},"end":{"line":14,"column":67}},"8":{"start":{"line":21,"column":0},"end":{"line":29,"column":3}},"9":{"start":{"line":22,"column":2},"end":{"line":28,"column":3}},"10":{"start":{"line":23,"column":25},"end":{"line":23,"column":35}},"11":{"start":{"line":24,"column":17},"end":{"line":24,"column":44}},"12":{"start":{"line":25,"column":4},"end":{"line":25,"column":40}},"13":{"start":{"line":27,"column":4},"end":{"line":27,"column":79}},"14":{"start":{"line":34,"column":0},"end":{"line":49,"column":3}},"15":{"start":{"line":35,"column":2},"end":{"line":48,"column":3}},"16":{"start":{"line":36,"column":22},"end":{"line":36,"column":32}},"17":{"start":{"line":37,"column":32},"end":{"line":37,"column":40}},"18":{"start":{"line":39,"column":4},"end":{"line":41,"column":5}},"19":{"start":{"line":40,"column":6},"end":{"line":40,"column":80}},"20":{"start":{"line":43,"column":19},"end":{"line":43,"column":70}},"21":{"start":{"line":44,"column":4},"end":{"line":44,"column":28}},"22":{"start":{"line":46,"column":4},"end":{"line":46,"column":58}},"23":{"start":{"line":47,"column":4},"end":{"line":47,"column":98}},"24":{"start":{"line":56,"column":0},"end":{"line":71,"column":3}},"25":{"start":{"line":57,"column":2},"end":{"line":70,"column":3}},"26":{"start":{"line":58,"column":41},"end":{"line":58,"column":49}},"27":{"start":{"line":60,"column":4},"end":{"line":62,"column":5}},"28":{"start":{"line":61,"column":6},"end":{"line":61,"column":89}},"29":{"start":{"line":65,"column":19},"end":{"line":65,"column":104}},"30":{"start":{"line":66,"column":4},"end":{"line":66,"column":28}},"31":{"start":{"line":68,"column":4},"end":{"line":68,"column":57}},"32":{"start":{"line":69,"column":4},"end":{"line":69,"column":93}},"33":{"start":{"line":74,"column":0},"end":{"line":89,"column":3}},"34":{"start":{"line":75,"column":2},"end":{"line":88,"column":3}},"35":{"start":{"line":76,"column":25},"end":{"line":76,"column":33}},"36":{"start":{"line":78,"column":4},"end":{"line":80,"column":5}},"37":{"start":{"line":79,"column":6},"end":{"line":79,"column":74}},"38":{"start":{"line":83,"column":19},"end":{"line":83,"column":105}},"39":{"start":{"line":84,"column":4},"end":{"line":84,"column":28}},"40":{"start":{"line":86,"column":4},"end":{"line":86,"column":56}},"41":{"start":{"line":87,"column":4},"end":{"line":87,"column":92}},"42":{"start":{"line":92,"column":0},"end":{"line":107,"column":3}},"43":{"start":{"line":93,"column":2},"end":{"line":106,"column":3}},"44":{"start":{"line":94,"column":21},"end":{"line":94,"column":29}},"45":{"start":{"line":96,"column":4},"end":{"line":98,"column":5}},"46":{"start":{"line":97,"column":6},"end":{"line":97,"column":70}},"47":{"start":{"line":101,"column":19},"end":{"line":101,"column":101}},"48":{"start":{"line":102,"column":4},"end":{"line":102,"column":28}},"49":{"start":{"line":104,"column":4},"end":{"line":104,"column":51}},"50":{"start":{"line":105,"column":4},"end":{"line":105,"column":87}},"51":{"start":{"line":110,"column":0},"end":{"line":125,"column":3}},"52":{"start":{"line":111,"column":2},"end":{"line":124,"column":3}},"53":{"start":{"line":112,"column":28},"end":{"line":112,"column":36}},"54":{"start":{"line":114,"column":4},"end":{"line":116,"column":5}},"55":{"start":{"line":115,"column":6},"end":{"line":115,"column":70}},"56":{"start":{"line":118,"column":20},"end":{"line":118,"column":82}},"57":{"start":{"line":119,"column":19},"end":{"line":119,"column":82}},"58":{"start":{"line":120,"column":4},"end":{"line":120,"column":28}},"59":{"start":{"line":122,"column":4},"end":{"line":122,"column":51}},"60":{"start":{"line":123,"column":4},"end":{"line":123,"column":87}},"61":{"start":{"line":127,"column":0},"end":{"line":127,"column":22}}},"fnMap":{"0":{"name":"(anonymous_1)","decl":{"start":{"line":9,"column":20},"end":{"line":9,"column":21}},"loc":{"start":{"line":9,"column":33},"end":{"line":16,"column":1}}},"1":{"name":"(anonymous_2)","decl":{"start":{"line":21,"column":39},"end":{"line":21,"column":40}},"loc":{"start":{"line":21,"column":52},"end":{"line":29,"column":1}}},"2":{"name":"(anonymous_3)","decl":{"start":{"line":34,"column":36},"end":{"line":34,"column":41}},"loc":{"start":{"line":34,"column":55},"end":{"line":49,"column":1}}},"3":{"name":"(anonymous_4)","decl":{"start":{"line":56,"column":54},"end":{"line":56,"column":59}},"loc":{"start":{"line":56,"column":73},"end":{"line":71,"column":1}}},"4":{"name":"(anonymous_5)","decl":{"start":{"line":74,"column":51},"end":{"line":74,"column":56}},"loc":{"start":{"line":74,"column":70},"end":{"line":89,"column":1}}},"5":{"name":"(anonymous_6)","decl":{"start":{"line":92,"column":50},"end":{"line":92,"column":55}},"loc":{"start":{"line":92,"column":69},"end":{"line":107,"column":1}}},"6":{"name":"(anonymous_7)","decl":{"start":{"line":110,"column":50},"end":{"line":110,"column":55}},"loc":{"start":{"line":110,"column":69},"end":{"line":125,"column":1}}}},"branchMap":{"0":{"loc":{"start":{"line":39,"column":4},"end":{"line":41,"column":5}},"type":"if","locations":[{"start":{"line":39,"column":4},"end":{"line":41,"column":5}}]},"1":{"loc":{"start":{"line":39,"column":8},"end":{"line":39,"column":27}},"type":"binary-expr","locations":[{"start":{"line":39,"column":8},"end":{"line":39,"column":16}},{"start":{"line":39,"column":20},"end":{"line":39,"column":27}}]},"2":{"loc":{"start":{"line":47,"column":41},"end":{"line":47,"column":94}},"type":"binary-expr","locations":[{"start":{"line":47,"column":41},"end":{"line":47,"column":54}},{"start":{"line":47,"column":58},"end":{"line":47,"column":94}}]},"3":{"loc":{"start":{"line":60,"column":4},"end":{"line":62,"column":5}},"type":"if","locations":[{"start":{"line":60,"column":4},"end":{"line":62,"column":5}}]},"4":{"loc":{"start":{"line":60,"column":8},"end":{"line":60,"column":36}},"type":"binary-expr","locations":[{"start":{"line":60,"column":8},"end":{"line":60,"column":20}},{"start":{"line":60,"column":24},"end":{"line":60,"column":36}}]},"5":{"loc":{"start":{"line":69,"column":41},"end":{"line":69,"column":89}},"type":"binary-expr","locations":[{"start":{"line":69,"column":41},"end":{"line":69,"column":54}},{"start":{"line":69,"column":58},"end":{"line":69,"column":89}}]},"6":{"loc":{"start":{"line":78,"column":4},"end":{"line":80,"column":5}},"type":"if","locations":[{"start":{"line":78,"column":4},"end":{"line":80,"column":5}}]},"7":{"loc":{"start":{"line":87,"column":41},"end":{"line":87,"column":88}},"type":"binary-expr","locations":[{"start":{"line":87,"column":41},"end":{"line":87,"column":54}},{"start":{"line":87,"column":58},"end":{"line":87,"column":88}}]},"8":{"loc":{"start":{"line":96,"column":4},"end":{"line":98,"column":5}},"type":"if","locations":[{"start":{"line":96,"column":4},"end":{"line":98,"column":5}}]},"9":{"loc":{"start":{"line":105,"column":41},"end":{"line":105,"column":83}},"type":"binary-expr","locations":[{"start":{"line":105,"column":41},"end":{"line":105,"column":54}},{"start":{"line":105,"column":58},"end":{"line":105,"column":83}}]},"10":{"loc":{"start":{"line":114,"column":4},"end":{"line":116,"column":5}},"type":"if","locations":[{"start":{"line":114,"column":4},"end":{"line":116,"column":5}}]},"11":{"loc":{"start":{"line":118,"column":20},"end":{"line":118,"column":82}},"type":"cond-expr","locations":[{"start":{"line":118,"column":28},"end":{"line":118,"column":59}},{"start":{"line":118,"column":62},"end":{"line":118,"column":82}}]},"12":{"loc":{"start":{"line":123,"column":41},"end":{"line":123,"column":83}},"type":"binary-expr","locations":[{"start":{"line":123,"column":41},"end":{"line":123,"column":54}},{"start":{"line":123,"column":58},"end":{"line":123,"column":83}}]}},"s":{"0":0,"1":0,"2":0,"3":0,"4":0,"5":0,"6":0,"7":0,"8":0,"9":0,"10":0,"11":0,"12":0,"13":0,"14":0,"15":0,"16":0,"17":0,"18":0,"19":0,"20":0,"21":0,"22":0,"23":0,"24":0,"25":0,"26":0,"27":0,"28":0,"29":0,"30":0,"31":0,"32":0,"33":0,"34":0,"35":0,"36":0,"37":0,"38":0,"39":0,"40":0,"41":0,"42":0,"43":0,"44":0,"45":0,"46":0,"47":0,"48":0,"49":0,"50":0,"51":0,"52":0,"53":0,"54":0,"55":0,"56":0,"57":0,"58":0,"59":0,"60":0,"61":0},"f":{"0":0,"1":0,"2":0,"3":0,"4":0,"5":0,"6":0},"b":{"0":[0],"1":[0,0],"2":[0,0],"3":[0],"4":[0,0],"5":[0,0],"6":[0],"7":[0,0],"8":[0],"9":[0,0],"10":[0],"11":[0,0],"12":[0,0]}}
,"/Users/bfguo/Dropbox/Mac/Documents/LinkDAO/app/backend/src/routes/followRoutes.ts": {"path":"/Users/bfguo/Dropbox/Mac/Documents/LinkDAO/app/backend/src/routes/followRoutes.ts","statementMap":{"0":{"start":{"line":1,"column":0},"end":{"line":1,"column":30}},"1":{"start":{"line":2,"column":0},"end":{"line":2,"column":67}},"2":{"start":{"line":4,"column":15},"end":{"line":4,"column":31}},"3":{"start":{"line":5,"column":25},"end":{"line":5,"column":47}},"4":{"start":{"line":7,"column":0},"end":{"line":7,"column":48}},"5":{"start":{"line":8,"column":0},"end":{"line":8,"column":52}},"6":{"start":{"line":9,"column":0},"end":{"line":9,"column":65}},"7":{"start":{"line":10,"column":0},"end":{"line":10,"column":65}},"8":{"start":{"line":11,"column":0},"end":{"line":11,"column":79}},"9":{"start":{"line":12,"column":0},"end":{"line":12,"column":63}},"10":{"start":{"line":14,"column":0},"end":{"line":14,"column":22}}},"fnMap":{},"branchMap":{},"s":{"0":0,"1":0,"2":0,"3":0,"4":0,"5":0,"6":0,"7":0,"8":0,"9":0,"10":0},"f":{},"b":{}}
,"/Users/bfguo/Dropbox/Mac/Documents/LinkDAO/app/backend/src/routes/postRoutes.ts": {"path":"/Users/bfguo/Dropbox/Mac/Documents/LinkDAO/app/backend/src/routes/postRoutes.ts","statementMap":{"0":{"start":{"line":1,"column":0},"end":{"line":1,"column":30}},"1":{"start":{"line":2,"column":0},"end":{"line":2,"column":63}},"2":{"start":{"line":4,"column":15},"end":{"line":4,"column":31}},"3":{"start":{"line":5,"column":23},"end":{"line":5,"column":43}},"4":{"start":{"line":7,"column":0},"end":{"line":7,"column":44}},"5":{"start":{"line":8,"column":0},"end":{"line":8,"column":47}},"6":{"start":{"line":9,"column":0},"end":{"line":9,"column":63}},"7":{"start":{"line":10,"column":0},"end":{"line":10,"column":54}},"8":{"start":{"line":11,"column":0},"end":{"line":11,"column":46}},"9":{"start":{"line":12,"column":0},"end":{"line":12,"column":49}},"10":{"start":{"line":13,"column":0},"end":{"line":13,"column":44}},"11":{"start":{"line":14,"column":0},"end":{"line":14,"column":44}},"12":{"start":{"line":16,"column":0},"end":{"line":16,"column":22}}},"fnMap":{},"branchMap":{},"s":{"0":0,"1":0,"2":0,"3":0,"4":0,"5":0,"6":0,"7":0,"8":0,"9":0,"10":0,"11":0,"12":0},"f":{},"b":{}}
,"/Users/bfguo/Dropbox/Mac/Documents/LinkDAO/app/backend/src/routes/userProfileRoutes.ts": {"path":"/Users/bfguo/Dropbox/Mac/Documents/LinkDAO/app/backend/src/routes/userProfileRoutes.ts","statementMap":{"0":{"start":{"line":1,"column":0},"end":{"line":1,"column":30}},"1":{"start":{"line":2,"column":0},"end":{"line":2,"column":77}},"2":{"start":{"line":4,"column":15},"end":{"line":4,"column":31}},"3":{"start":{"line":5,"column":30},"end":{"line":5,"column":57}},"4":{"start":{"line":7,"column":0},"end":{"line":7,"column":54}},"5":{"start":{"line":8,"column":0},"end":{"line":8,"column":57}},"6":{"start":{"line":9,"column":0},"end":{"line":9,"column":75}},"7":{"start":{"line":10,"column":0},"end":{"line":10,"column":56}},"8":{"start":{"line":11,"column":0},"end":{"line":11,"column":59}},"9":{"start":{"line":12,"column":0},"end":{"line":12,"column":54}},"10":{"start":{"line":14,"column":0},"end":{"line":14,"column":22}}},"fnMap":{},"branchMap":{},"s":{"0":0,"1":0,"2":0,"3":0,"4":0,"5":0,"6":0,"7":0,"8":0,"9":0,"10":0},"f":{},"b":{}}
,"/Users/bfguo/Dropbox/Mac/Documents/LinkDAO/app/backend/src/services/aiService.ts": {"path":"/Users/bfguo/Dropbox/Mac/Documents/LinkDAO/app/backend/src/services/aiService.ts","statementMap":{"0":{"start":{"line":205,"column":0},"end":{"line":205,"column":16}},"1":{"start":{"line":1,"column":0},"end":{"line":1,"column":28}},"2":{"start":{"line":2,"column":0},"end":{"line":2,"column":55}},"3":{"start":{"line":3,"column":0},"end":{"line":3,"column":32}},"4":{"start":{"line":35,"column":4},"end":{"line":37,"column":7}},"5":{"start":{"line":40,"column":4},"end":{"line":42,"column":7}},"6":{"start":{"line":45,"column":4},"end":{"line":47,"column":6}},"7":{"start":{"line":58,"column":4},"end":{"line":73,"column":5}},"8":{"start":{"line":59,"column":23},"end":{"line":63,"column":8}},"9":{"start":{"line":65,"column":6},"end":{"line":69,"column":8}},"10":{"start":{"line":71,"column":6},"end":{"line":71,"column":53}},"11":{"start":{"line":72,"column":6},"end":{"line":72,"column":63}},"12":{"start":{"line":80,"column":4},"end":{"line":89,"column":5}},"13":{"start":{"line":81,"column":23},"end":{"line":83,"column":8}},"14":{"start":{"line":85,"column":6},"end":{"line":85,"column":41}},"15":{"start":{"line":87,"column":6},"end":{"line":87,"column":56}},"16":{"start":{"line":88,"column":6},"end":{"line":88,"column":19}},"17":{"start":{"line":96,"column":4},"end":{"line":106,"column":5}},"18":{"start":{"line":97,"column":23},"end":{"line":100,"column":8}},"19":{"start":{"line":102,"column":6},"end":{"line":102,"column":40}},"20":{"start":{"line":104,"column":6},"end":{"line":104,"column":52}},"21":{"start":{"line":105,"column":6},"end":{"line":105,"column":46}},"22":{"start":{"line":113,"column":4},"end":{"line":127,"column":5}},"23":{"start":{"line":114,"column":20},"end":{"line":114,"column":85}},"24":{"start":{"line":115,"column":29},"end":{"line":115,"column":56}},"25":{"start":{"line":117,"column":23},"end":{"line":121,"column":8}},"26":{"start":{"line":123,"column":6},"end":{"line":123,"column":36}},"27":{"start":{"line":125,"column":6},"end":{"line":125,"column":56}},"28":{"start":{"line":126,"column":6},"end":{"line":126,"column":16}},"29":{"start":{"line":134,"column":4},"end":{"line":152,"column":5}},"30":{"start":{"line":136,"column":31},"end":{"line":136,"column":79}},"31":{"start":{"line":139,"column":22},"end":{"line":139,"column":61}},"32":{"start":{"line":144,"column":6},"end":{"line":148,"column":8}},"33":{"start":{"line":150,"column":6},"end":{"line":150,"column":64}},"34":{"start":{"line":151,"column":6},"end":{"line":151,"column":18}},"35":{"start":{"line":163,"column":4},"end":{"line":172,"column":6}},"36":{"start":{"line":28,"column":0},"end":{"line":28,"column":13}},"37":{"start":{"line":182,"column":4},"end":{"line":182,"column":25}},"38":{"start":{"line":183,"column":4},"end":{"line":183,"column":31}},"39":{"start":{"line":191,"column":4},"end":{"line":191,"column":74}},"40":{"start":{"line":198,"column":4},"end":{"line":198,"column":23}},"41":{"start":{"line":177,"column":0},"end":{"line":177,"column":13}},"42":{"start":{"line":203,"column":42},"end":{"line":203,"column":46}},"43":{"start":{"line":206,"column":2},"end":{"line":208,"column":3}},"44":{"start":{"line":207,"column":4},"end":{"line":207,"column":40}},"45":{"start":{"line":209,"column":2},"end":{"line":209,"column":27}}},"fnMap":{"0":{"name":"(anonymous_1)","decl":{"start":{"line":33,"column":2},"end":{"line":33,"column":null}},"loc":{"start":{"line":33,"column":2},"end":{"line":48,"column":3}}},"1":{"name":"(anonymous_2)","decl":{"start":{"line":53,"column":2},"end":{"line":53,"column":7}},"loc":{"start":{"line":56,"column":29},"end":{"line":74,"column":3}}},"2":{"name":"(anonymous_3)","decl":{"start":{"line":79,"column":2},"end":{"line":79,"column":7}},"loc":{"start":{"line":79,"column":39},"end":{"line":90,"column":3}}},"3":{"name":"(anonymous_4)","decl":{"start":{"line":95,"column":2},"end":{"line":95,"column":7}},"loc":{"start":{"line":95,"column":30},"end":{"line":107,"column":3}}},"4":{"name":"(anonymous_5)","decl":{"start":{"line":112,"column":2},"end":{"line":112,"column":7}},"loc":{"start":{"line":112,"column":74},"end":{"line":128,"column":3}}},"5":{"name":"(anonymous_6)","decl":{"start":{"line":133,"column":2},"end":{"line":133,"column":7}},"loc":{"start":{"line":133,"column":46},"end":{"line":153,"column":3}}},"6":{"name":"(anonymous_7)","decl":{"start":{"line":158,"column":2},"end":{"line":158,"column":7}},"loc":{"start":{"line":158,"column":42},"end":{"line":173,"column":3}}},"7":{"name":"(anonymous_8)","decl":{"start":{"line":181,"column":2},"end":{"line":181,"column":14}},"loc":{"start":{"line":181,"column":55},"end":{"line":184,"column":3}}},"8":{"name":"(anonymous_9)","decl":{"start":{"line":189,"column":2},"end":{"line":189,"column":7}},"loc":{"start":{"line":189,"column":58},"end":{"line":192,"column":3}}},"9":{"name":"(anonymous_10)","decl":{"start":{"line":197,"column":2},"end":{"line":197,"column":11}},"loc":{"start":{"line":197,"column":11},"end":{"line":199,"column":3}}},"10":{"name":"getAIService","decl":{"start":{"line":205,"column":16},"end":{"line":205,"column":28}},"loc":{"start":{"line":205,"column":28},"end":{"line":210,"column":1}}}},"branchMap":{"0":{"loc":{"start":{"line":41,"column":14},"end":{"line":41,"column":48}},"type":"binary-expr","locations":[{"start":{"line":41,"column":14},"end":{"line":41,"column":42}},{"start":{"line":41,"column":46},"end":{"line":41,"column":48}}]},"1":{"loc":{"start":{"line":46,"column":6},"end":{"line":46,"column":52}},"type":"binary-expr","locations":[{"start":{"line":46,"column":6},"end":{"line":46,"column":25}},{"start":{"line":46,"column":29},"end":{"line":46,"column":52}}]},"2":{"loc":{"start":{"line":55,"column":4},"end":{"line":55,"column":33}},"type":"default-arg","locations":[{"start":{"line":55,"column":20},"end":{"line":55,"column":33}}]},"3":{"loc":{"start":{"line":56,"column":4},"end":{"line":56,"column":29}},"type":"default-arg","locations":[{"start":{"line":56,"column":26},"end":{"line":56,"column":29}}]},"4":{"loc":{"start":{"line":66,"column":17},"end":{"line":66,"column":59}},"type":"binary-expr","locations":[{"start":{"line":66,"column":17},"end":{"line":66,"column":53}},{"start":{"line":66,"column":57},"end":{"line":66,"column":59}}]},"5":{"loc":{"start":{"line":67,"column":20},"end":{"line":67,"column":53}},"type":"binary-expr","locations":[{"start":{"line":67,"column":20},"end":{"line":67,"column":48}},{"start":{"line":67,"column":52},"end":{"line":67,"column":53}}]},"6":{"loc":{"start":{"line":112,"column":58},"end":{"line":112,"column":74}},"type":"default-arg","locations":[{"start":{"line":112,"column":73},"end":{"line":112,"column":74}}]},"7":{"loc":{"start":{"line":114,"column":40},"end":{"line":114,"column":84}},"type":"binary-expr","locations":[{"start":{"line":114,"column":40},"end":{"line":114,"column":71}},{"start":{"line":114,"column":75},"end":{"line":114,"column":84}}]},"8":{"loc":{"start":{"line":123,"column":13},"end":{"line":123,"column":35}},"type":"binary-expr","locations":[{"start":{"line":123,"column":13},"end":{"line":123,"column":29}},{"start":{"line":123,"column":33},"end":{"line":123,"column":35}}]},"9":{"loc":{"start":{"line":206,"column":2},"end":{"line":208,"column":3}},"type":"if","locations":[{"start":{"line":206,"column":2},"end":{"line":208,"column":3}}]}},"s":{"0":1,"1":1,"2":1,"3":1,"4":5,"5":5,"6":5,"7":1,"8":1,"9":1,"10":0,"11":0,"12":1,"13":1,"14":1,"15":0,"16":0,"17":1,"18":1,"19":1,"20":0,"21":0,"22":0,"23":0,"24":0,"25":0,"26":0,"27":0,"28":0,"29":0,"30":0,"31":0,"32":0,"33":0,"34":0,"35":0,"36":1,"37":4,"38":4,"39":0,"40":4,"41":1,"42":1,"43":4,"44":1,"45":4},"f":{"0":5,"1":1,"2":1,"3":1,"4":0,"5":0,"6":0,"7":4,"8":0,"9":4,"10":4},"b":{"0":[5,5],"1":[5,5],"2":[1],"3":[1],"4":[1,0],"5":[1,0],"6":[0],"7":[0,0],"8":[0,0],"9":[1]}}
,"/Users/bfguo/Dropbox/Mac/Documents/LinkDAO/app/backend/src/services/botManager.ts": {"path":"/Users/bfguo/Dropbox/Mac/Documents/LinkDAO/app/backend/src/services/botManager.ts","statementMap":{"0":{"start":{"line":25,"column":0},"end":{"line":25,"column":16}},"1":{"start":{"line":31,"column":0},"end":{"line":31,"column":16}},"2":{"start":{"line":44,"column":0},"end":{"line":44,"column":7}},"3":{"start":{"line":76,"column":0},"end":{"line":76,"column":16}},"4":{"start":{"line":2,"column":0},"end":{"line":2,"column":55}},"5":{"start":{"line":3,"column":0},"end":{"line":3,"column":69}},"6":{"start":{"line":4,"column":0},"end":{"line":4,"column":69}},"7":{"start":{"line":5,"column":0},"end":{"line":5,"column":59}},"8":{"start":{"line":8,"column":40},"end":{"line":8,"column":49}},"9":{"start":{"line":11,"column":22},"end":{"line":11,"column":27}},"10":{"start":{"line":14,"column":2},"end":{"line":21,"column":3}},"11":{"start":{"line":15,"column":4},"end":{"line":15,"column":58}},"12":{"start":{"line":16,"column":4},"end":{"line":16,"column":72}},"13":{"start":{"line":17,"column":4},"end":{"line":17,"column":72}},"14":{"start":{"line":18,"column":4},"end":{"line":18,"column":62}},"15":{"start":{"line":19,"column":4},"end":{"line":19,"column":27}},"16":{"start":{"line":20,"column":4},"end":{"line":20,"column":72}},"17":{"start":{"line":26,"column":2},"end":{"line":26,"column":26}},"18":{"start":{"line":27,"column":2},"end":{"line":27,"column":32}},"19":{"start":{"line":32,"column":2},"end":{"line":32,"column":26}},"20":{"start":{"line":33,"column":15},"end":{"line":33,"column":17}},"21":{"start":{"line":34,"column":2},"end":{"line":39,"column":3}},"22":{"start":{"line":35,"column":4},"end":{"line":38,"column":7}},"23":{"start":{"line":40,"column":2},"end":{"line":40,"column":14}},"24":{"start":{"line":45,"column":2},"end":{"line":45,"column":26}},"25":{"start":{"line":46,"column":14},"end":{"line":46,"column":27}},"26":{"start":{"line":47,"column":2},"end":{"line":49,"column":3}},"27":{"start":{"line":48,"column":4},"end":{"line":48,"column":54}},"28":{"start":{"line":51,"column":2},"end":{"line":63,"column":3}},"29":{"start":{"line":52,"column":21},"end":{"line":52,"column":62}},"30":{"start":{"line":53,"column":4},"end":{"line":59,"column":6}},"31":{"start":{"line":61,"column":4},"end":{"line":61,"column":72}},"32":{"start":{"line":62,"column":4},"end":{"line":62,"column":67}},"33":{"start":{"line":67,"column":13},"end":{"line":73,"column":2}},"34":{"start":{"line":77,"column":2},"end":{"line":77,"column":26}},"35":{"start":{"line":78,"column":17},"end":{"line":78,"column":47}},"36":{"start":{"line":79,"column":2},"end":{"line":82,"column":74}},"37":{"start":{"line":80,"column":16},"end":{"line":80,"column":26}},"38":{"start":{"line":81,"column":4},"end":{"line":81,"column":56}},"39":{"start":{"line":82,"column":59},"end":{"line":82,"column":72}}},"fnMap":{"0":{"name":"ensureBotsInitialized","decl":{"start":{"line":13,"column":9},"end":{"line":13,"column":30}},"loc":{"start":{"line":13,"column":30},"end":{"line":22,"column":1}}},"1":{"name":"getBot","decl":{"start":{"line":25,"column":16},"end":{"line":25,"column":22}},"loc":{"start":{"line":25,"column":36},"end":{"line":28,"column":1}}},"2":{"name":"getAllBots","decl":{"start":{"line":31,"column":16},"end":{"line":31,"column":26}},"loc":{"start":{"line":31,"column":26},"end":{"line":41,"column":1}}},"3":{"name":"processMessageWithBot","decl":{"start":{"line":44,"column":22},"end":{"line":44,"column":43}},"loc":{"start":{"line":44,"column":90},"end":{"line":64,"column":1}}},"4":{"name":"getBotsByCategory","decl":{"start":{"line":76,"column":16},"end":{"line":76,"column":33}},"loc":{"start":{"line":76,"column":50},"end":{"line":83,"column":1}}},"5":{"name":"(anonymous_5)","decl":{"start":{"line":79,"column":20},"end":{"line":79,"column":22}},"loc":{"start":{"line":79,"column":25},"end":{"line":82,"column":3}}},"6":{"name":"(anonymous_6)","decl":{"start":{"line":82,"column":12},"end":{"line":82,"column":13}},"loc":{"start":{"line":82,"column":59},"end":{"line":82,"column":72}}}},"branchMap":{"0":{"loc":{"start":{"line":14,"column":2},"end":{"line":21,"column":3}},"type":"if","locations":[{"start":{"line":14,"column":2},"end":{"line":21,"column":3}}]},"1":{"loc":{"start":{"line":47,"column":2},"end":{"line":49,"column":3}},"type":"if","locations":[{"start":{"line":47,"column":2},"end":{"line":49,"column":3}}]},"2":{"loc":{"start":{"line":78,"column":17},"end":{"line":78,"column":47}},"type":"binary-expr","locations":[{"start":{"line":78,"column":17},"end":{"line":78,"column":41}},{"start":{"line":78,"column":45},"end":{"line":78,"column":47}}]},"3":{"loc":{"start":{"line":81,"column":11},"end":{"line":81,"column":55}},"type":"cond-expr","locations":[{"start":{"line":81,"column":17},"end":{"line":81,"column":48}},{"start":{"line":81,"column":51},"end":{"line":81,"column":55}}]}},"s":{"0":0,"1":0,"2":0,"3":0,"4":0,"5":0,"6":0,"7":0,"8":0,"9":0,"10":0,"11":0,"12":0,"13":0,"14":0,"15":0,"16":0,"17":0,"18":0,"19":0,"20":0,"21":0,"22":0,"23":0,"24":0,"25":0,"26":0,"27":0,"28":0,"29":0,"30":0,"31":0,"32":0,"33":0,"34":0,"35":0,"36":0,"37":0,"38":0,"39":0},"f":{"0":0,"1":0,"2":0,"3":0,"4":0,"5":0,"6":0},"b":{"0":[0],"1":[0],"2":[0,0],"3":[0,0]}}
,"/Users/bfguo/Dropbox/Mac/Documents/LinkDAO/app/backend/src/services/followService.ts": {"path":"/Users/bfguo/Dropbox/Mac/Documents/LinkDAO/app/backend/src/services/followService.ts","statementMap":{"0":{"start":{"line":3,"column":21},"end":{"line":3,"column":23}},"1":{"start":{"line":8,"column":27},"end":{"line":9,"column":null}},"2":{"start":{"line":9,"column":11},"end":{"line":9,"column":63}},"3":{"start":{"line":12,"column":4},"end":{"line":14,"column":5}},"4":{"start":{"line":13,"column":6},"end":{"line":13,"column":19}},"5":{"start":{"line":17,"column":4},"end":{"line":21,"column":7}},"6":{"start":{"line":23,"column":4},"end":{"line":23,"column":16}},"7":{"start":{"line":27,"column":24},"end":{"line":28,"column":null}},"8":{"start":{"line":28,"column":11},"end":{"line":28,"column":63}},"9":{"start":{"line":31,"column":4},"end":{"line":33,"column":5}},"10":{"start":{"line":32,"column":6},"end":{"line":32,"column":19}},"11":{"start":{"line":35,"column":4},"end":{"line":35,"column":35}},"12":{"start":{"line":36,"column":4},"end":{"line":36,"column":16}},"13":{"start":{"line":40,"column":4},"end":{"line":40,"column":56}},"14":{"start":{"line":40,"column":31},"end":{"line":40,"column":54}},"15":{"start":{"line":44,"column":4},"end":{"line":44,"column":55}},"16":{"start":{"line":44,"column":31},"end":{"line":44,"column":53}},"17":{"start":{"line":48,"column":4},"end":{"line":50,"column":6}},"18":{"start":{"line":49,"column":11},"end":{"line":49,"column":63}},"19":{"start":{"line":54,"column":22},"end":{"line":54,"column":73}},"20":{"start":{"line":54,"column":42},"end":{"line":54,"column":65}},"21":{"start":{"line":55,"column":22},"end":{"line":55,"column":72}},"22":{"start":{"line":55,"column":42},"end":{"line":55,"column":64}},"23":{"start":{"line":57,"column":4},"end":{"line":57,"column":36}},"24":{"start":{"line":5,"column":0},"end":{"line":5,"column":13}}},"fnMap":{"0":{"name":"(anonymous_0)","decl":{"start":{"line":6,"column":2},"end":{"line":6,"column":7}},"loc":{"start":{"line":6,"column":50},"end":{"line":24,"column":3}}},"1":{"name":"(anonymous_1)","decl":{"start":{"line":9,"column":6},"end":{"line":9,"column":7}},"loc":{"start":{"line":9,"column":11},"end":{"line":9,"column":63}}},"2":{"name":"(anonymous_2)","decl":{"start":{"line":26,"column":2},"end":{"line":26,"column":7}},"loc":{"start":{"line":26,"column":52},"end":{"line":37,"column":3}}},"3":{"name":"(anonymous_3)","decl":{"start":{"line":28,"column":6},"end":{"line":28,"column":7}},"loc":{"start":{"line":28,"column":11},"end":{"line":28,"column":63}}},"4":{"name":"(anonymous_4)","decl":{"start":{"line":39,"column":2},"end":{"line":39,"column":7}},"loc":{"start":{"line":39,"column":36},"end":{"line":41,"column":3}}},"5":{"name":"(anonymous_5)","decl":{"start":{"line":40,"column":26},"end":{"line":40,"column":27}},"loc":{"start":{"line":40,"column":31},"end":{"line":40,"column":54}}},"6":{"name":"(anonymous_6)","decl":{"start":{"line":43,"column":2},"end":{"line":43,"column":7}},"loc":{"start":{"line":43,"column":36},"end":{"line":45,"column":3}}},"7":{"name":"(anonymous_7)","decl":{"start":{"line":44,"column":26},"end":{"line":44,"column":27}},"loc":{"start":{"line":44,"column":31},"end":{"line":44,"column":53}}},"8":{"name":"(anonymous_8)","decl":{"start":{"line":47,"column":2},"end":{"line":47,"column":7}},"loc":{"start":{"line":47,"column":55},"end":{"line":51,"column":3}}},"9":{"name":"(anonymous_9)","decl":{"start":{"line":49,"column":6},"end":{"line":49,"column":7}},"loc":{"start":{"line":49,"column":11},"end":{"line":49,"column":63}}},"10":{"name":"(anonymous_10)","decl":{"start":{"line":53,"column":2},"end":{"line":53,"column":7}},"loc":{"start":{"line":53,"column":38},"end":{"line":58,"column":3}}},"11":{"name":"(anonymous_11)","decl":{"start":{"line":54,"column":37},"end":{"line":54,"column":38}},"loc":{"start":{"line":54,"column":42},"end":{"line":54,"column":65}}},"12":{"name":"(anonymous_12)","decl":{"start":{"line":55,"column":37},"end":{"line":55,"column":38}},"loc":{"start":{"line":55,"column":42},"end":{"line":55,"column":64}}}},"branchMap":{"0":{"loc":{"start":{"line":9,"column":11},"end":{"line":9,"column":63}},"type":"binary-expr","locations":[{"start":{"line":9,"column":11},"end":{"line":9,"column":34}},{"start":{"line":9,"column":38},"end":{"line":9,"column":63}}]},"1":{"loc":{"start":{"line":12,"column":4},"end":{"line":14,"column":5}},"type":"if","locations":[{"start":{"line":12,"column":4},"end":{"line":14,"column":5}}]},"2":{"loc":{"start":{"line":28,"column":11},"end":{"line":28,"column":63}},"type":"binary-expr","locations":[{"start":{"line":28,"column":11},"end":{"line":28,"column":34}},{"start":{"line":28,"column":38},"end":{"line":28,"column":63}}]},"3":{"loc":{"start":{"line":31,"column":4},"end":{"line":33,"column":5}},"type":"if","locations":[{"start":{"line":31,"column":4},"end":{"line":33,"column":5}}]},"4":{"loc":{"start":{"line":49,"column":11},"end":{"line":49,"column":63}},"type":"binary-expr","locations":[{"start":{"line":49,"column":11},"end":{"line":49,"column":34}},{"start":{"line":49,"column":38},"end":{"line":49,"column":63}}]}},"s":{"0":15,"1":13,"2":9,"3":13,"4":1,"5":12,"6":12,"7":2,"8":1,"9":2,"10":1,"11":1,"12":1,"13":2,"14":2,"15":2,"16":2,"17":2,"18":1,"19":2,"20":4,"21":2,"22":4,"23":2,"24":15},"f":{"0":13,"1":9,"2":2,"3":1,"4":2,"5":2,"6":2,"7":2,"8":2,"9":1,"10":2,"11":4,"12":4},"b":{"0":[9,3],"1":[1],"2":[1,1],"3":[1],"4":[1,1]}}
,"/Users/bfguo/Dropbox/Mac/Documents/LinkDAO/app/backend/src/services/indexerService.ts": {"path":"/Users/bfguo/Dropbox/Mac/Documents/LinkDAO/app/backend/src/services/indexerService.ts","statementMap":{"0":{"start":{"line":1,"column":0},"end":{"line":1,"column":32}},"1":{"start":{"line":2,"column":0},"end":{"line":2,"column":58}},"2":{"start":{"line":3,"column":0},"end":{"line":3,"column":48}},"3":{"start":{"line":4,"column":0},"end":{"line":4,"column":44}},"4":{"start":{"line":7,"column":29},"end":{"line":10,"column":2}},"5":{"start":{"line":12,"column":26},"end":{"line":15,"column":2}},"6":{"start":{"line":17,"column":27},"end":{"line":19,"column":2}},"7":{"start":{"line":21,"column":23},"end":{"line":25,"column":2}},"8":{"start":{"line":28,"column":18},"end":{"line":30,"column":2}},"9":{"start":{"line":34,"column":10},"end":{"line":34,"column":57}},"10":{"start":{"line":35,"column":10},"end":{"line":35,"column":54}},"11":{"start":{"line":36,"column":10},"end":{"line":36,"column":55}},"12":{"start":{"line":37,"column":10},"end":{"line":37,"column":52}},"13":{"start":{"line":42,"column":10},"end":{"line":42,"column":45}},"14":{"start":{"line":51,"column":4},"end":{"line":51,"column":55}},"15":{"start":{"line":52,"column":4},"end":{"line":52,"column":51}},"16":{"start":{"line":53,"column":4},"end":{"line":53,"column":45}},"17":{"start":{"line":54,"column":4},"end":{"line":54,"column":41}},"18":{"start":{"line":55,"column":4},"end":{"line":55,"column":23}},"19":{"start":{"line":58,"column":4},"end":{"line":61,"column":5}},"20":{"start":{"line":59,"column":6},"end":{"line":59,"column":110}},"21":{"start":{"line":60,"column":6},"end":{"line":60,"column":36}},"22":{"start":{"line":63,"column":4},"end":{"line":66,"column":5}},"23":{"start":{"line":64,"column":6},"end":{"line":64,"column":101}},"24":{"start":{"line":65,"column":6},"end":{"line":65,"column":36}},"25":{"start":{"line":68,"column":4},"end":{"line":71,"column":5}},"26":{"start":{"line":69,"column":6},"end":{"line":69,"column":104}},"27":{"start":{"line":70,"column":6},"end":{"line":70,"column":36}},"28":{"start":{"line":73,"column":4},"end":{"line":76,"column":5}},"29":{"start":{"line":74,"column":6},"end":{"line":74,"column":94}},"30":{"start":{"line":75,"column":6},"end":{"line":75,"column":36}},"31":{"start":{"line":79,"column":4},"end":{"line":81,"column":5}},"32":{"start":{"line":80,"column":6},"end":{"line":80,"column":37}},"33":{"start":{"line":85,"column":4},"end":{"line":85,"column":110}},"34":{"start":{"line":90,"column":33},"end":{"line":95,"column":6}},"35":{"start":{"line":96,"column":4},"end":{"line":96,"column":64}},"36":{"start":{"line":100,"column":4},"end":{"line":100,"column":50}},"37":{"start":{"line":103,"column":4},"end":{"line":109,"column":5}},"38":{"start":{"line":104,"column":6},"end":{"line":104,"column":60}},"39":{"start":{"line":105,"column":6},"end":{"line":105,"column":61}},"40":{"start":{"line":107,"column":6},"end":{"line":107,"column":66}},"41":{"start":{"line":108,"column":6},"end":{"line":108,"column":13}},"42":{"start":{"line":112,"column":4},"end":{"line":117,"column":5}},"43":{"start":{"line":113,"column":6},"end":{"line":113,"column":68}},"44":{"start":{"line":114,"column":6},"end":{"line":114,"column":33}},"45":{"start":{"line":116,"column":6},"end":{"line":116,"column":109}},"46":{"start":{"line":120,"column":4},"end":{"line":120,"column":51}},"47":{"start":{"line":120,"column":22},"end":{"line":120,"column":42}},"48":{"start":{"line":124,"column":4},"end":{"line":185,"column":5}},"49":{"start":{"line":126,"column":6},"end":{"line":138,"column":7}},"50":{"start":{"line":127,"column":8},"end":{"line":131,"column":11}},"51":{"start":{"line":128,"column":10},"end":{"line":128,"column":73}},"52":{"start":{"line":133,"column":8},"end":{"line":137,"column":11}},"53":{"start":{"line":134,"column":10},"end":{"line":134,"column":53}},"54":{"start":{"line":141,"column":6},"end":{"line":153,"column":7}},"55":{"start":{"line":142,"column":8},"end":{"line":146,"column":11}},"56":{"start":{"line":143,"column":10},"end":{"line":143,"column":59}},"57":{"start":{"line":148,"column":8},"end":{"line":152,"column":11}},"58":{"start":{"line":149,"column":10},"end":{"line":149,"column":61}},"59":{"start":{"line":156,"column":6},"end":{"line":161,"column":7}},"60":{"start":{"line":157,"column":8},"end":{"line":160,"column":11}},"61":{"start":{"line":158,"column":10},"end":{"line":158,"column":85}},"62":{"start":{"line":164,"column":6},"end":{"line":179,"column":7}},"63":{"start":{"line":165,"column":8},"end":{"line":168,"column":11}},"64":{"start":{"line":166,"column":10},"end":{"line":166,"column":64}},"65":{"start":{"line":170,"column":8},"end":{"line":173,"column":11}},"66":{"start":{"line":171,"column":10},"end":{"line":171,"column":71}},"67":{"start":{"line":175,"column":8},"end":{"line":178,"column":11}},"68":{"start":{"line":176,"column":10},"end":{"line":176,"column":50}},"69":{"start":{"line":181,"column":6},"end":{"line":181,"column":57}},"70":{"start":{"line":183,"column":6},"end":{"line":183,"column":64}},"71":{"start":{"line":184,"column":6},"end":{"line":184,"column":37}},"72":{"start":{"line":189,"column":4},"end":{"line":198,"column":5}},"73":{"start":{"line":190,"column":27},"end":{"line":190,"column":63}},"74":{"start":{"line":192,"column":6},"end":{"line":195,"column":7}},"75":{"start":{"line":193,"column":8},"end":{"line":193,"column":82}},"76":{"start":{"line":194,"column":8},"end":{"line":194,"column":38}},"77":{"start":{"line":197,"column":6},"end":{"line":197,"column":56}},"78":{"start":{"line":202,"column":4},"end":{"line":202,"column":50}},"79":{"start":{"line":204,"column":4},"end":{"line":206,"column":5}},"80":{"start":{"line":205,"column":6},"end":{"line":205,"column":48}},"81":{"start":{"line":207,"column":4},"end":{"line":209,"column":5}},"82":{"start":{"line":208,"column":6},"end":{"line":208,"column":45}},"83":{"start":{"line":210,"column":4},"end":{"line":212,"column":5}},"84":{"start":{"line":211,"column":6},"end":{"line":211,"column":46}},"85":{"start":{"line":213,"column":4},"end":{"line":215,"column":5}},"86":{"start":{"line":214,"column":6},"end":{"line":214,"column":43}},"87":{"start":{"line":32,"column":0},"end":{"line":32,"column":13}}},"fnMap":{"0":{"name":"(anonymous_0)","decl":{"start":{"line":44,"column":2},"end":{"line":44,"column":null}},"loc":{"start":{"line":49,"column":29},"end":{"line":82,"column":3}}},"1":{"name":"(anonymous_1)","decl":{"start":{"line":84,"column":10},"end":{"line":84,"column":24}},"loc":{"start":{"line":84,"column":40},"end":{"line":86,"column":3}}},"2":{"name":"(anonymous_2)","decl":{"start":{"line":88,"column":10},"end":{"line":88,"column":30}},"loc":{"start":{"line":88,"column":46},"end":{"line":97,"column":3}}},"3":{"name":"(anonymous_3)","decl":{"start":{"line":99,"column":2},"end":{"line":99,"column":7}},"loc":{"start":{"line":99,"column":13},"end":{"line":121,"column":3}}},"4":{"name":"(anonymous_4)","decl":{"start":{"line":120,"column":16},"end":{"line":120,"column":19}},"loc":{"start":{"line":120,"column":22},"end":{"line":120,"column":42}}},"5":{"name":"(anonymous_5)","decl":{"start":{"line":123,"column":10},"end":{"line":123,"column":29}},"loc":{"start":{"line":123,"column":29},"end":{"line":186,"column":3}}},"6":{"name":"(anonymous_6)","decl":{"start":{"line":127,"column":50},"end":{"line":127,"column":51}},"loc":{"start":{"line":127,"column":95},"end":{"line":131,"column":9}}},"7":{"name":"(anonymous_7)","decl":{"start":{"line":133,"column":50},"end":{"line":133,"column":51}},"loc":{"start":{"line":133,"column":96},"end":{"line":137,"column":9}}},"8":{"name":"(anonymous_8)","decl":{"start":{"line":142,"column":41},"end":{"line":142,"column":42}},"loc":{"start":{"line":142,"column":72},"end":{"line":146,"column":9}}},"9":{"name":"(anonymous_9)","decl":{"start":{"line":148,"column":43},"end":{"line":148,"column":44}},"loc":{"start":{"line":148,"column":74},"end":{"line":152,"column":9}}},"10":{"name":"(anonymous_10)","decl":{"start":{"line":157,"column":45},"end":{"line":157,"column":46}},"loc":{"start":{"line":157,"column":91},"end":{"line":160,"column":9}}},"11":{"name":"(anonymous_11)","decl":{"start":{"line":165,"column":46},"end":{"line":165,"column":47}},"loc":{"start":{"line":165,"column":112},"end":{"line":168,"column":9}}},"12":{"name":"(anonymous_12)","decl":{"start":{"line":170,"column":39},"end":{"line":170,"column":40}},"loc":{"start":{"line":170,"column":92},"end":{"line":173,"column":9}}},"13":{"name":"(anonymous_13)","decl":{"start":{"line":175,"column":47},"end":{"line":175,"column":48}},"loc":{"start":{"line":175,"column":61},"end":{"line":178,"column":9}}},"14":{"name":"(anonymous_14)","decl":{"start":{"line":188,"column":10},"end":{"line":188,"column":15}},"loc":{"start":{"line":188,"column":29},"end":{"line":199,"column":3}}},"15":{"name":"(anonymous_15)","decl":{"start":{"line":201,"column":2},"end":{"line":201,"column":7}},"loc":{"start":{"line":201,"column":12},"end":{"line":216,"column":3}}}},"branchMap":{"0":{"loc":{"start":{"line":58,"column":4},"end":{"line":61,"column":5}},"type":"if","locations":[{"start":{"line":58,"column":4},"end":{"line":61,"column":5}}]},"1":{"loc":{"start":{"line":58,"column":8},"end":{"line":58,"column":105}},"type":"binary-expr","locations":[{"start":{"line":58,"column":8},"end":{"line":58,"column":51}},{"start":{"line":58,"column":55},"end":{"line":58,"column":105}}]},"2":{"loc":{"start":{"line":63,"column":4},"end":{"line":66,"column":5}},"type":"if","locations":[{"start":{"line":63,"column":4},"end":{"line":66,"column":5}}]},"3":{"loc":{"start":{"line":63,"column":8},"end":{"line":63,"column":99}},"type":"binary-expr","locations":[{"start":{"line":63,"column":8},"end":{"line":63,"column":48}},{"start":{"line":63,"column":52},"end":{"line":63,"column":99}}]},"4":{"loc":{"start":{"line":68,"column":4},"end":{"line":71,"column":5}},"type":"if","locations":[{"start":{"line":68,"column":4},"end":{"line":71,"column":5}}]},"5":{"loc":{"start":{"line":68,"column":8},"end":{"line":68,"column":101}},"type":"binary-expr","locations":[{"start":{"line":68,"column":8},"end":{"line":68,"column":49}},{"start":{"line":68,"column":53},"end":{"line":68,"column":101}}]},"6":{"loc":{"start":{"line":73,"column":4},"end":{"line":76,"column":5}},"type":"if","locations":[{"start":{"line":73,"column":4},"end":{"line":76,"column":5}}]},"7":{"loc":{"start":{"line":73,"column":8},"end":{"line":73,"column":95}},"type":"binary-expr","locations":[{"start":{"line":73,"column":8},"end":{"line":73,"column":46}},{"start":{"line":73,"column":50},"end":{"line":73,"column":95}}]},"8":{"loc":{"start":{"line":79,"column":4},"end":{"line":81,"column":5}},"type":"if","locations":[{"start":{"line":79,"column":4},"end":{"line":81,"column":5}}]},"9":{"loc":{"start":{"line":79,"column":8},"end":{"line":79,"column":94}},"type":"binary-expr","locations":[{"start":{"line":79,"column":8},"end":{"line":79,"column":29}},{"start":{"line":79,"column":33},"end":{"line":79,"column":51}},{"start":{"line":79,"column":55},"end":{"line":79,"column":74}},{"start":{"line":79,"column":78},"end":{"line":79,"column":94}}]},"10":{"loc":{"start":{"line":85,"column":11},"end":{"line":85,"column":109}},"type":"binary-expr","locations":[{"start":{"line":85,"column":11},"end":{"line":85,"column":20}},{"start":{"line":85,"column":24},"end":{"line":85,"column":80}},{"start":{"line":85,"column":84},"end":{"line":85,"column":109}}]},"11":{"loc":{"start":{"line":112,"column":4},"end":{"line":117,"column":5}},"type":"if","locations":[{"start":{"line":112,"column":4},"end":{"line":117,"column":5}},{"start":{"line":115,"column":11},"end":{"line":117,"column":5}}]},"12":{"loc":{"start":{"line":126,"column":6},"end":{"line":138,"column":7}},"type":"if","locations":[{"start":{"line":126,"column":6},"end":{"line":138,"column":7}}]},"13":{"loc":{"start":{"line":141,"column":6},"end":{"line":153,"column":7}},"type":"if","locations":[{"start":{"line":141,"column":6},"end":{"line":153,"column":7}}]},"14":{"loc":{"start":{"line":156,"column":6},"end":{"line":161,"column":7}},"type":"if","locations":[{"start":{"line":156,"column":6},"end":{"line":161,"column":7}}]},"15":{"loc":{"start":{"line":164,"column":6},"end":{"line":179,"column":7}},"type":"if","locations":[{"start":{"line":164,"column":6},"end":{"line":179,"column":7}}]},"16":{"loc":{"start":{"line":192,"column":6},"end":{"line":195,"column":7}},"type":"if","locations":[{"start":{"line":192,"column":6},"end":{"line":195,"column":7}}]},"17":{"loc":{"start":{"line":204,"column":4},"end":{"line":206,"column":5}},"type":"if","locations":[{"start":{"line":204,"column":4},"end":{"line":206,"column":5}}]},"18":{"loc":{"start":{"line":207,"column":4},"end":{"line":209,"column":5}},"type":"if","locations":[{"start":{"line":207,"column":4},"end":{"line":209,"column":5}}]},"19":{"loc":{"start":{"line":210,"column":4},"end":{"line":212,"column":5}},"type":"if","locations":[{"start":{"line":210,"column":4},"end":{"line":212,"column":5}}]},"20":{"loc":{"start":{"line":213,"column":4},"end":{"line":215,"column":5}},"type":"if","locations":[{"start":{"line":213,"column":4},"end":{"line":215,"column":5}}]}},"s":{"0":0,"1":0,"2":0,"3":0,"4":0,"5":0,"6":0,"7":0,"8":0,"9":0,"10":0,"11":0,"12":0,"13":0,"14":0,"15":0,"16":0,"17":0,"18":0,"19":0,"20":0,"21":0,"22":0,"23":0,"24":0,"25":0,"26":0,"27":0,"28":0,"29":0,"30":0,"31":0,"32":0,"33":0,"34":0,"35":0,"36":0,"37":0,"38":0,"39":0,"40":0,"41":0,"42":0,"43":0,"44":0,"45":0,"46":0,"47":0,"48":0,"49":0,"50":0,"51":0,"52":0,"53":0,"54":0,"55":0,"56":0,"57":0,"58":0,"59":0,"60":0,"61":0,"62":0,"63":0,"64":0,"65":0,"66":0,"67":0,"68":0,"69":0,"70":0,"71":0,"72":0,"73":0,"74":0,"75":0,"76":0,"77":0,"78":0,"79":0,"80":0,"81":0,"82":0,"83":0,"84":0,"85":0,"86":0,"87":0},"f":{"0":0,"1":0,"2":0,"3":0,"4":0,"5":0,"6":0,"7":0,"8":0,"9":0,"10":0,"11":0,"12":0,"13":0,"14":0,"15":0},"b":{"0":[0],"1":[0,0],"2":[0],"3":[0,0],"4":[0],"5":[0,0],"6":[0],"7":[0,0],"8":[0],"9":[0,0,0,0],"10":[0,0,0],"11":[0,0],"12":[0],"13":[0],"14":[0],"15":[0],"16":[0],"17":[0],"18":[0],"19":[0],"20":[0]}}
,"/Users/bfguo/Dropbox/Mac/Documents/LinkDAO/app/backend/src/services/indexingService.ts": {"path":"/Users/bfguo/Dropbox/Mac/Documents/LinkDAO/app/backend/src/services/indexingService.ts","statementMap":{"0":{"start":{"line":1,"column":0},"end":{"line":1,"column":32}},"1":{"start":{"line":2,"column":0},"end":{"line":2,"column":58}},"2":{"start":{"line":3,"column":0},"end":{"line":3,"column":48}},"3":{"start":{"line":4,"column":0},"end":{"line":4,"column":44}},"4":{"start":{"line":7,"column":29},"end":{"line":10,"column":2}},"5":{"start":{"line":12,"column":26},"end":{"line":15,"column":2}},"6":{"start":{"line":17,"column":27},"end":{"line":19,"column":2}},"7":{"start":{"line":21,"column":23},"end":{"line":25,"column":2}},"8":{"start":{"line":45,"column":4},"end":{"line":45,"column":55}},"9":{"start":{"line":46,"column":4},"end":{"line":46,"column":108}},"10":{"start":{"line":47,"column":4},"end":{"line":47,"column":99}},"11":{"start":{"line":48,"column":4},"end":{"line":48,"column":102}},"12":{"start":{"line":49,"column":4},"end":{"line":49,"column":92}},"13":{"start":{"line":51,"column":4},"end":{"line":51,"column":51}},"14":{"start":{"line":52,"column":4},"end":{"line":52,"column":45}},"15":{"start":{"line":53,"column":4},"end":{"line":53,"column":41}},"16":{"start":{"line":55,"column":4},"end":{"line":55,"column":23}},"17":{"start":{"line":59,"column":4},"end":{"line":59,"column":50}},"18":{"start":{"line":62,"column":4},"end":{"line":62,"column":58}},"19":{"start":{"line":63,"column":4},"end":{"line":63,"column":59}},"20":{"start":{"line":66,"column":4},"end":{"line":66,"column":31}},"21":{"start":{"line":69,"column":4},"end":{"line":69,"column":51}},"22":{"start":{"line":69,"column":22},"end":{"line":69,"column":42}},"23":{"start":{"line":74,"column":4},"end":{"line":78,"column":7}},"24":{"start":{"line":75,"column":6},"end":{"line":75,"column":69}},"25":{"start":{"line":80,"column":4},"end":{"line":84,"column":7}},"26":{"start":{"line":81,"column":6},"end":{"line":81,"column":49}},"27":{"start":{"line":87,"column":4},"end":{"line":91,"column":7}},"28":{"start":{"line":88,"column":6},"end":{"line":88,"column":55}},"29":{"start":{"line":93,"column":4},"end":{"line":97,"column":7}},"30":{"start":{"line":94,"column":6},"end":{"line":94,"column":57}},"31":{"start":{"line":100,"column":4},"end":{"line":103,"column":7}},"32":{"start":{"line":101,"column":6},"end":{"line":101,"column":81}},"33":{"start":{"line":106,"column":4},"end":{"line":109,"column":7}},"34":{"start":{"line":107,"column":6},"end":{"line":107,"column":60}},"35":{"start":{"line":111,"column":4},"end":{"line":114,"column":7}},"36":{"start":{"line":112,"column":6},"end":{"line":112,"column":67}},"37":{"start":{"line":116,"column":4},"end":{"line":119,"column":7}},"38":{"start":{"line":117,"column":6},"end":{"line":117,"column":46}},"39":{"start":{"line":123,"column":4},"end":{"line":132,"column":5}},"40":{"start":{"line":124,"column":27},"end":{"line":124,"column":63}},"41":{"start":{"line":126,"column":6},"end":{"line":129,"column":7}},"42":{"start":{"line":127,"column":8},"end":{"line":127,"column":82}},"43":{"start":{"line":128,"column":8},"end":{"line":128,"column":38}},"44":{"start":{"line":131,"column":6},"end":{"line":131,"column":56}},"45":{"start":{"line":136,"column":4},"end":{"line":136,"column":50}},"46":{"start":{"line":138,"column":4},"end":{"line":138,"column":46}},"47":{"start":{"line":139,"column":4},"end":{"line":139,"column":43}},"48":{"start":{"line":140,"column":4},"end":{"line":140,"column":44}},"49":{"start":{"line":141,"column":4},"end":{"line":141,"column":41}},"50":{"start":{"line":27,"column":0},"end":{"line":27,"column":13}}},"fnMap":{"0":{"name":"(anonymous_0)","decl":{"start":{"line":38,"column":2},"end":{"line":38,"column":null}},"loc":{"start":{"line":43,"column":29},"end":{"line":56,"column":3}}},"1":{"name":"(anonymous_1)","decl":{"start":{"line":58,"column":2},"end":{"line":58,"column":7}},"loc":{"start":{"line":58,"column":13},"end":{"line":70,"column":3}}},"2":{"name":"(anonymous_2)","decl":{"start":{"line":69,"column":16},"end":{"line":69,"column":19}},"loc":{"start":{"line":69,"column":22},"end":{"line":69,"column":42}}},"3":{"name":"(anonymous_3)","decl":{"start":{"line":72,"column":10},"end":{"line":72,"column":29}},"loc":{"start":{"line":72,"column":29},"end":{"line":120,"column":3}}},"4":{"name":"(anonymous_4)","decl":{"start":{"line":74,"column":46},"end":{"line":74,"column":47}},"loc":{"start":{"line":74,"column":91},"end":{"line":78,"column":5}}},"5":{"name":"(anonymous_5)","decl":{"start":{"line":80,"column":46},"end":{"line":80,"column":47}},"loc":{"start":{"line":80,"column":92},"end":{"line":84,"column":5}}},"6":{"name":"(anonymous_6)","decl":{"start":{"line":87,"column":37},"end":{"line":87,"column":38}},"loc":{"start":{"line":87,"column":68},"end":{"line":91,"column":5}}},"7":{"name":"(anonymous_7)","decl":{"start":{"line":93,"column":39},"end":{"line":93,"column":40}},"loc":{"start":{"line":93,"column":70},"end":{"line":97,"column":5}}},"8":{"name":"(anonymous_8)","decl":{"start":{"line":100,"column":41},"end":{"line":100,"column":42}},"loc":{"start":{"line":100,"column":87},"end":{"line":103,"column":5}}},"9":{"name":"(anonymous_9)","decl":{"start":{"line":106,"column":42},"end":{"line":106,"column":43}},"loc":{"start":{"line":106,"column":108},"end":{"line":109,"column":5}}},"10":{"name":"(anonymous_10)","decl":{"start":{"line":111,"column":35},"end":{"line":111,"column":36}},"loc":{"start":{"line":111,"column":88},"end":{"line":114,"column":5}}},"11":{"name":"(anonymous_11)","decl":{"start":{"line":116,"column":43},"end":{"line":116,"column":44}},"loc":{"start":{"line":116,"column":57},"end":{"line":119,"column":5}}},"12":{"name":"(anonymous_12)","decl":{"start":{"line":122,"column":10},"end":{"line":122,"column":15}},"loc":{"start":{"line":122,"column":29},"end":{"line":133,"column":3}}},"13":{"name":"(anonymous_13)","decl":{"start":{"line":135,"column":2},"end":{"line":135,"column":7}},"loc":{"start":{"line":135,"column":12},"end":{"line":142,"column":3}}}},"branchMap":{"0":{"loc":{"start":{"line":126,"column":6},"end":{"line":129,"column":7}},"type":"if","locations":[{"start":{"line":126,"column":6},"end":{"line":129,"column":7}}]}},"s":{"0":0,"1":0,"2":0,"3":0,"4":0,"5":0,"6":0,"7":0,"8":0,"9":0,"10":0,"11":0,"12":0,"13":0,"14":0,"15":0,"16":0,"17":0,"18":0,"19":0,"20":0,"21":0,"22":0,"23":0,"24":0,"25":0,"26":0,"27":0,"28":0,"29":0,"30":0,"31":0,"32":0,"33":0,"34":0,"35":0,"36":0,"37":0,"38":0,"39":0,"40":0,"41":0,"42":0,"43":0,"44":0,"45":0,"46":0,"47":0,"48":0,"49":0,"50":0},"f":{"0":0,"1":0,"2":0,"3":0,"4":0,"5":0,"6":0,"7":0,"8":0,"9":0,"10":0,"11":0,"12":0,"13":0},"b":{"0":[0]}}
,"/Users/bfguo/Dropbox/Mac/Documents/LinkDAO/app/backend/src/services/metadataService.ts": {"path":"/Users/bfguo/Dropbox/Mac/Documents/LinkDAO/app/backend/src/services/metadataService.ts","statementMap":{"0":{"start":{"line":5,"column":20},"end":{"line":9,"column":2}},"1":{"start":{"line":12,"column":23},"end":{"line":16,"column":2}},"2":{"start":{"line":36,"column":4},"end":{"line":47,"column":5}},"3":{"start":{"line":42,"column":6},"end":{"line":42,"column":49}},"4":{"start":{"line":43,"column":6},"end":{"line":43,"column":32}},"5":{"start":{"line":45,"column":6},"end":{"line":45,"column":55}},"6":{"start":{"line":46,"column":6},"end":{"line":46,"column":18}},"7":{"start":{"line":56,"column":4},"end":{"line":69,"column":5}},"8":{"start":{"line":64,"column":6},"end":{"line":64,"column":52}},"9":{"start":{"line":65,"column":6},"end":{"line":65,"column":38}},"10":{"start":{"line":67,"column":6},"end":{"line":67,"column":58}},"11":{"start":{"line":68,"column":6},"end":{"line":68,"column":18}},"12":{"start":{"line":78,"column":4},"end":{"line":89,"column":5}},"13":{"start":{"line":84,"column":6},"end":{"line":84,"column":48}},"14":{"start":{"line":85,"column":6},"end":{"line":85,"column":39}},"15":{"start":{"line":87,"column":6},"end":{"line":87,"column":58}},"16":{"start":{"line":88,"column":6},"end":{"line":88,"column":18}},"17":{"start":{"line":98,"column":4},"end":{"line":109,"column":5}},"18":{"start":{"line":104,"column":6},"end":{"line":104,"column":52}},"19":{"start":{"line":105,"column":6},"end":{"line":105,"column":48}},"20":{"start":{"line":107,"column":6},"end":{"line":107,"column":61}},"21":{"start":{"line":108,"column":6},"end":{"line":108,"column":18}},"22":{"start":{"line":117,"column":4},"end":{"line":125,"column":5}},"23":{"start":{"line":121,"column":6},"end":{"line":121,"column":43}},"24":{"start":{"line":123,"column":6},"end":{"line":123,"column":53}},"25":{"start":{"line":124,"column":6},"end":{"line":124,"column":18}},"26":{"start":{"line":134,"column":4},"end":{"line":146,"column":5}},"27":{"start":{"line":136,"column":22},"end":{"line":136,"column":49}},"28":{"start":{"line":139,"column":19},"end":{"line":139,"column":54}},"29":{"start":{"line":141,"column":6},"end":{"line":141,"column":59}},"30":{"start":{"line":142,"column":6},"end":{"line":142,"column":18}},"31":{"start":{"line":144,"column":6},"end":{"line":144,"column":58}},"32":{"start":{"line":145,"column":6},"end":{"line":145,"column":18}},"33":{"start":{"line":18,"column":0},"end":{"line":18,"column":13}}},"fnMap":{"0":{"name":"(anonymous_0)","decl":{"start":{"line":21,"column":2},"end":{"line":21,"column":null}},"loc":{"start":{"line":21,"column":2},"end":{"line":28,"column":3}}},"1":{"name":"(anonymous_1)","decl":{"start":{"line":35,"column":2},"end":{"line":35,"column":7}},"loc":{"start":{"line":35,"column":45},"end":{"line":48,"column":3}}},"2":{"name":"(anonymous_2)","decl":{"start":{"line":55,"column":2},"end":{"line":55,"column":7}},"loc":{"start":{"line":55,"column":39},"end":{"line":70,"column":3}}},"3":{"name":"(anonymous_3)","decl":{"start":{"line":77,"column":2},"end":{"line":77,"column":7}},"loc":{"start":{"line":77,"column":31},"end":{"line":90,"column":3}}},"4":{"name":"(anonymous_4)","decl":{"start":{"line":97,"column":2},"end":{"line":97,"column":7}},"loc":{"start":{"line":97,"column":35},"end":{"line":110,"column":3}}},"5":{"name":"(anonymous_5)","decl":{"start":{"line":116,"column":2},"end":{"line":116,"column":7}},"loc":{"start":{"line":116,"column":29},"end":{"line":126,"column":3}}},"6":{"name":"(anonymous_6)","decl":{"start":{"line":133,"column":2},"end":{"line":133,"column":7}},"loc":{"start":{"line":133,"column":35},"end":{"line":147,"column":3}}}},"branchMap":{"0":{"loc":{"start":{"line":6,"column":8},"end":{"line":6,"column":44}},"type":"binary-expr","locations":[{"start":{"line":6,"column":8},"end":{"line":6,"column":29}},{"start":{"line":6,"column":33},"end":{"line":6,"column":44}}]},"1":{"loc":{"start":{"line":7,"column":8},"end":{"line":7,"column":39}},"type":"binary-expr","locations":[{"start":{"line":7,"column":8},"end":{"line":7,"column":29}},{"start":{"line":7,"column":33},"end":{"line":7,"column":39}}]},"2":{"loc":{"start":{"line":8,"column":12},"end":{"line":8,"column":47}},"type":"binary-expr","locations":[{"start":{"line":8,"column":12},"end":{"line":8,"column":37}},{"start":{"line":8,"column":41},"end":{"line":8,"column":47}}]},"3":{"loc":{"start":{"line":13,"column":8},"end":{"line":13,"column":49}},"type":"binary-expr","locations":[{"start":{"line":13,"column":8},"end":{"line":13,"column":32}},{"start":{"line":13,"column":36},"end":{"line":13,"column":49}}]},"4":{"loc":{"start":{"line":14,"column":8},"end":{"line":14,"column":39}},"type":"binary-expr","locations":[{"start":{"line":14,"column":8},"end":{"line":14,"column":32}},{"start":{"line":14,"column":36},"end":{"line":14,"column":39}}]},"5":{"loc":{"start":{"line":15,"column":12},"end":{"line":15,"column":51}},"type":"binary-expr","locations":[{"start":{"line":15,"column":12},"end":{"line":15,"column":40}},{"start":{"line":15,"column":44},"end":{"line":15,"column":51}}]}},"s":{"0":0,"1":0,"2":0,"3":0,"4":0,"5":0,"6":0,"7":0,"8":0,"9":0,"10":0,"11":0,"12":0,"13":0,"14":0,"15":0,"16":0,"17":0,"18":0,"19":0,"20":0,"21":0,"22":0,"23":0,"24":0,"25":0,"26":0,"27":0,"28":0,"29":0,"30":0,"31":0,"32":0,"33":0},"f":{"0":0,"1":0,"2":0,"3":0,"4":0,"5":0,"6":0},"b":{"0":[0,0],"1":[0,0],"2":[0,0],"3":[0,0],"4":[0,0],"5":[0,0]}}
,"/Users/bfguo/Dropbox/Mac/Documents/LinkDAO/app/backend/src/services/postService.ts": {"path":"/Users/bfguo/Dropbox/Mac/Documents/LinkDAO/app/backend/src/services/postService.ts","statementMap":{"0":{"start":{"line":2,"column":0},"end":{"line":2,"column":52}},"1":{"start":{"line":6,"column":20},"end":{"line":6,"column":22}},"2":{"start":{"line":7,"column":13},"end":{"line":7,"column":14}},"3":{"start":{"line":13,"column":4},"end":{"line":13,"column":49}},"4":{"start":{"line":18,"column":23},"end":{"line":18,"column":77}},"5":{"start":{"line":21,"column":32},"end":{"line":21,"column":34}},"6":{"start":{"line":22,"column":4},"end":{"line":27,"column":5}},"7":{"start":{"line":23,"column":6},"end":{"line":26,"column":7}},"8":{"start":{"line":24,"column":25},"end":{"line":24,"column":71}},"9":{"start":{"line":25,"column":8},"end":{"line":25,"column":33}},"10":{"start":{"line":29,"column":23},"end":{"line":38,"column":6}},"11":{"start":{"line":40,"column":4},"end":{"line":40,"column":21}},"12":{"start":{"line":41,"column":4},"end":{"line":41,"column":16}},"13":{"start":{"line":45,"column":4},"end":{"line":45,"column":40}},"14":{"start":{"line":45,"column":27},"end":{"line":45,"column":38}},"15":{"start":{"line":49,"column":4},"end":{"line":49,"column":50}},"16":{"start":{"line":49,"column":29},"end":{"line":49,"column":48}},"17":{"start":{"line":53,"column":4},"end":{"line":53,"column":51}},"18":{"start":{"line":53,"column":29},"end":{"line":53,"column":49}},"19":{"start":{"line":57,"column":22},"end":{"line":57,"column":55}},"20":{"start":{"line":57,"column":43},"end":{"line":57,"column":54}},"21":{"start":{"line":58,"column":4},"end":{"line":60,"column":5}},"22":{"start":{"line":59,"column":6},"end":{"line":59,"column":23}},"23":{"start":{"line":62,"column":17},"end":{"line":62,"column":33}},"24":{"start":{"line":65,"column":21},"end":{"line":65,"column":36}},"25":{"start":{"line":66,"column":4},"end":{"line":68,"column":5}},"26":{"start":{"line":67,"column":6},"end":{"line":67,"column":74}},"27":{"start":{"line":71,"column":20},"end":{"line":71,"column":34}},"28":{"start":{"line":72,"column":4},"end":{"line":78,"column":5}},"29":{"start":{"line":73,"column":6},"end":{"line":73,"column":21}},"30":{"start":{"line":74,"column":6},"end":{"line":77,"column":7}},"31":{"start":{"line":75,"column":25},"end":{"line":75,"column":71}},"32":{"start":{"line":76,"column":8},"end":{"line":76,"column":33}},"33":{"start":{"line":80,"column":24},"end":{"line":86,"column":6}},"34":{"start":{"line":88,"column":4},"end":{"line":88,"column":35}},"35":{"start":{"line":89,"column":4},"end":{"line":89,"column":23}},"36":{"start":{"line":93,"column":22},"end":{"line":93,"column":55}},"37":{"start":{"line":93,"column":43},"end":{"line":93,"column":54}},"38":{"start":{"line":94,"column":4},"end":{"line":96,"column":5}},"39":{"start":{"line":95,"column":6},"end":{"line":95,"column":19}},"40":{"start":{"line":98,"column":4},"end":{"line":98,"column":31}},"41":{"start":{"line":99,"column":4},"end":{"line":99,"column":16}},"42":{"start":{"line":103,"column":4},"end":{"line":103,"column":22}},"43":{"start":{"line":109,"column":4},"end":{"line":109,"column":84}},"44":{"start":{"line":109,"column":37},"end":{"line":109,"column":82}},"45":{"start":{"line":9,"column":0},"end":{"line":9,"column":13}}},"fnMap":{"0":{"name":"(anonymous_0)","decl":{"start":{"line":12,"column":2},"end":{"line":12,"column":null}},"loc":{"start":{"line":12,"column":2},"end":{"line":14,"column":3}}},"1":{"name":"(anonymous_1)","decl":{"start":{"line":16,"column":2},"end":{"line":16,"column":7}},"loc":{"start":{"line":16,"column":41},"end":{"line":42,"column":3}}},"2":{"name":"(anonymous_2)","decl":{"start":{"line":44,"column":2},"end":{"line":44,"column":7}},"loc":{"start":{"line":44,"column":30},"end":{"line":46,"column":3}}},"3":{"name":"(anonymous_3)","decl":{"start":{"line":45,"column":22},"end":{"line":45,"column":23}},"loc":{"start":{"line":45,"column":27},"end":{"line":45,"column":38}}},"4":{"name":"(anonymous_4)","decl":{"start":{"line":48,"column":2},"end":{"line":48,"column":7}},"loc":{"start":{"line":48,"column":39},"end":{"line":50,"column":3}}},"5":{"name":"(anonymous_5)","decl":{"start":{"line":49,"column":24},"end":{"line":49,"column":25}},"loc":{"start":{"line":49,"column":29},"end":{"line":49,"column":48}}},"6":{"name":"(anonymous_6)","decl":{"start":{"line":52,"column":2},"end":{"line":52,"column":7}},"loc":{"start":{"line":52,"column":33},"end":{"line":54,"column":3}}},"7":{"name":"(anonymous_7)","decl":{"start":{"line":53,"column":24},"end":{"line":53,"column":25}},"loc":{"start":{"line":53,"column":29},"end":{"line":53,"column":49}}},"8":{"name":"(anonymous_8)","decl":{"start":{"line":56,"column":2},"end":{"line":56,"column":7}},"loc":{"start":{"line":56,"column":53},"end":{"line":90,"column":3}}},"9":{"name":"(anonymous_9)","decl":{"start":{"line":57,"column":38},"end":{"line":57,"column":39}},"loc":{"start":{"line":57,"column":43},"end":{"line":57,"column":54}}},"10":{"name":"(anonymous_10)","decl":{"start":{"line":92,"column":2},"end":{"line":92,"column":7}},"loc":{"start":{"line":92,"column":29},"end":{"line":100,"column":3}}},"11":{"name":"(anonymous_11)","decl":{"start":{"line":93,"column":38},"end":{"line":93,"column":39}},"loc":{"start":{"line":93,"column":43},"end":{"line":93,"column":54}}},"12":{"name":"(anonymous_12)","decl":{"start":{"line":102,"column":2},"end":{"line":102,"column":7}},"loc":{"start":{"line":102,"column":19},"end":{"line":104,"column":3}}},"13":{"name":"(anonymous_13)","decl":{"start":{"line":106,"column":2},"end":{"line":106,"column":7}},"loc":{"start":{"line":106,"column":32},"end":{"line":110,"column":3}}},"14":{"name":"(anonymous_14)","decl":{"start":{"line":109,"column":27},"end":{"line":109,"column":28}},"loc":{"start":{"line":109,"column":37},"end":{"line":109,"column":82}}}},"branchMap":{"0":{"loc":{"start":{"line":22,"column":4},"end":{"line":27,"column":5}},"type":"if","locations":[{"start":{"line":22,"column":4},"end":{"line":27,"column":5}}]},"1":{"loc":{"start":{"line":32,"column":16},"end":{"line":32,"column":38}},"type":"binary-expr","locations":[{"start":{"line":32,"column":16},"end":{"line":32,"column":30}},{"start":{"line":32,"column":34},"end":{"line":32,"column":38}}]},"2":{"loc":{"start":{"line":35,"column":12},"end":{"line":35,"column":28}},"type":"binary-expr","locations":[{"start":{"line":35,"column":12},"end":{"line":35,"column":22}},{"start":{"line":35,"column":26},"end":{"line":35,"column":28}}]},"3":{"loc":{"start":{"line":37,"column":18},"end":{"line":37,"column":40}},"type":"binary-expr","locations":[{"start":{"line":37,"column":18},"end":{"line":37,"column":34}},{"start":{"line":37,"column":38},"end":{"line":37,"column":40}}]},"4":{"loc":{"start":{"line":58,"column":4},"end":{"line":60,"column":5}},"type":"if","locations":[{"start":{"line":58,"column":4},"end":{"line":60,"column":5}}]},"5":{"loc":{"start":{"line":66,"column":4},"end":{"line":68,"column":5}},"type":"if","locations":[{"start":{"line":66,"column":4},"end":{"line":68,"column":5}}]},"6":{"loc":{"start":{"line":72,"column":4},"end":{"line":78,"column":5}},"type":"if","locations":[{"start":{"line":72,"column":4},"end":{"line":78,"column":5}}]},"7":{"loc":{"start":{"line":84,"column":12},"end":{"line":84,"column":35}},"type":"binary-expr","locations":[{"start":{"line":84,"column":12},"end":{"line":84,"column":22}},{"start":{"line":84,"column":26},"end":{"line":84,"column":35}}]},"8":{"loc":{"start":{"line":94,"column":4},"end":{"line":96,"column":5}},"type":"if","locations":[{"start":{"line":94,"column":4},"end":{"line":96,"column":5}}]}},"s":{"0":24,"1":24,"2":24,"3":24,"4":15,"5":15,"6":15,"7":2,"8":3,"9":3,"10":15,"11":15,"12":15,"13":3,"14":1,"15":2,"16":3,"17":2,"18":3,"19":2,"20":1,"21":2,"22":1,"23":1,"24":1,"25":1,"26":1,"27":1,"28":1,"29":1,"30":1,"31":1,"32":1,"33":1,"34":1,"35":1,"36":2,"37":1,"38":2,"39":1,"40":1,"41":1,"42":2,"43":2,"44":1,"45":24},"f":{"0":24,"1":15,"2":3,"3":1,"4":2,"5":3,"6":2,"7":3,"8":2,"9":1,"10":2,"11":1,"12":2,"13":2,"14":1},"b":{"0":[2],"1":[15,14],"2":[15,9],"3":[15,14],"4":[1],"5":[1],"6":[1],"7":[1,0],"8":[1]}}
,"/Users/bfguo/Dropbox/Mac/Documents/LinkDAO/app/backend/src/services/userProfileService.ts": {"path":"/Users/bfguo/Dropbox/Mac/Documents/LinkDAO/app/backend/src/services/userProfileService.ts","statementMap":{"0":{"start":{"line":5,"column":30},"end":{"line":5,"column":32}},"1":{"start":{"line":6,"column":13},"end":{"line":6,"column":14}},"2":{"start":{"line":10,"column":28},"end":{"line":10,"column":75}},"3":{"start":{"line":10,"column":47},"end":{"line":10,"column":74}},"4":{"start":{"line":11,"column":4},"end":{"line":13,"column":5}},"5":{"start":{"line":12,"column":6},"end":{"line":12,"column":65}},"6":{"start":{"line":15,"column":33},"end":{"line":24,"column":6}},"7":{"start":{"line":26,"column":4},"end":{"line":26,"column":27}},"8":{"start":{"line":27,"column":4},"end":{"line":27,"column":19}},"9":{"start":{"line":31,"column":4},"end":{"line":31,"column":43}},"10":{"start":{"line":31,"column":30},"end":{"line":31,"column":41}},"11":{"start":{"line":35,"column":4},"end":{"line":35,"column":53}},"12":{"start":{"line":35,"column":30},"end":{"line":35,"column":51}},"13":{"start":{"line":39,"column":25},"end":{"line":39,"column":61}},"14":{"start":{"line":39,"column":49},"end":{"line":39,"column":60}},"15":{"start":{"line":40,"column":4},"end":{"line":42,"column":5}},"16":{"start":{"line":41,"column":6},"end":{"line":41,"column":23}},"17":{"start":{"line":44,"column":20},"end":{"line":44,"column":42}},"18":{"start":{"line":45,"column":27},"end":{"line":49,"column":6}},"19":{"start":{"line":51,"column":4},"end":{"line":51,"column":44}},"20":{"start":{"line":52,"column":4},"end":{"line":52,"column":26}},"21":{"start":{"line":56,"column":25},"end":{"line":56,"column":61}},"22":{"start":{"line":56,"column":49},"end":{"line":56,"column":60}},"23":{"start":{"line":57,"column":4},"end":{"line":59,"column":5}},"24":{"start":{"line":58,"column":6},"end":{"line":58,"column":19}},"25":{"start":{"line":61,"column":4},"end":{"line":61,"column":37}},"26":{"start":{"line":62,"column":4},"end":{"line":62,"column":16}},"27":{"start":{"line":66,"column":4},"end":{"line":66,"column":25}},"28":{"start":{"line":8,"column":0},"end":{"line":8,"column":13}}},"fnMap":{"0":{"name":"(anonymous_0)","decl":{"start":{"line":9,"column":2},"end":{"line":9,"column":7}},"loc":{"start":{"line":9,"column":51},"end":{"line":28,"column":3}}},"1":{"name":"(anonymous_1)","decl":{"start":{"line":10,"column":42},"end":{"line":10,"column":43}},"loc":{"start":{"line":10,"column":47},"end":{"line":10,"column":74}}},"2":{"name":"(anonymous_2)","decl":{"start":{"line":30,"column":2},"end":{"line":30,"column":7}},"loc":{"start":{"line":30,"column":33},"end":{"line":32,"column":3}}},"3":{"name":"(anonymous_3)","decl":{"start":{"line":31,"column":25},"end":{"line":31,"column":26}},"loc":{"start":{"line":31,"column":30},"end":{"line":31,"column":41}}},"4":{"name":"(anonymous_4)","decl":{"start":{"line":34,"column":2},"end":{"line":34,"column":7}},"loc":{"start":{"line":34,"column":43},"end":{"line":36,"column":3}}},"5":{"name":"(anonymous_5)","decl":{"start":{"line":35,"column":25},"end":{"line":35,"column":26}},"loc":{"start":{"line":35,"column":30},"end":{"line":35,"column":51}}},"6":{"name":"(anonymous_6)","decl":{"start":{"line":38,"column":2},"end":{"line":38,"column":7}},"loc":{"start":{"line":38,"column":63},"end":{"line":53,"column":3}}},"7":{"name":"(anonymous_7)","decl":{"start":{"line":39,"column":44},"end":{"line":39,"column":45}},"loc":{"start":{"line":39,"column":49},"end":{"line":39,"column":60}}},"8":{"name":"(anonymous_8)","decl":{"start":{"line":55,"column":2},"end":{"line":55,"column":7}},"loc":{"start":{"line":55,"column":32},"end":{"line":63,"column":3}}},"9":{"name":"(anonymous_9)","decl":{"start":{"line":56,"column":44},"end":{"line":56,"column":45}},"loc":{"start":{"line":56,"column":49},"end":{"line":56,"column":60}}},"10":{"name":"(anonymous_10)","decl":{"start":{"line":65,"column":2},"end":{"line":65,"column":7}},"loc":{"start":{"line":65,"column":22},"end":{"line":67,"column":3}}}},"branchMap":{"0":{"loc":{"start":{"line":11,"column":4},"end":{"line":13,"column":5}},"type":"if","locations":[{"start":{"line":11,"column":4},"end":{"line":13,"column":5}}]},"1":{"loc":{"start":{"line":19,"column":11},"end":{"line":19,"column":26}},"type":"binary-expr","locations":[{"start":{"line":19,"column":11},"end":{"line":19,"column":20}},{"start":{"line":19,"column":24},"end":{"line":19,"column":26}}]},"2":{"loc":{"start":{"line":20,"column":17},"end":{"line":20,"column":38}},"type":"binary-expr","locations":[{"start":{"line":20,"column":17},"end":{"line":20,"column":32}},{"start":{"line":20,"column":36},"end":{"line":20,"column":38}}]},"3":{"loc":{"start":{"line":21,"column":14},"end":{"line":21,"column":32}},"type":"binary-expr","locations":[{"start":{"line":21,"column":14},"end":{"line":21,"column":26}},{"start":{"line":21,"column":30},"end":{"line":21,"column":32}}]},"4":{"loc":{"start":{"line":40,"column":4},"end":{"line":42,"column":5}},"type":"if","locations":[{"start":{"line":40,"column":4},"end":{"line":42,"column":5}}]},"5":{"loc":{"start":{"line":57,"column":4},"end":{"line":59,"column":5}},"type":"if","locations":[{"start":{"line":57,"column":4},"end":{"line":59,"column":5}}]}},"s":{"0":14,"1":14,"2":9,"3":2,"4":9,"5":1,"6":8,"7":8,"8":8,"9":3,"10":1,"11":2,"12":1,"13":2,"14":1,"15":2,"16":1,"17":1,"18":1,"19":1,"20":1,"21":2,"22":1,"23":2,"24":1,"25":1,"26":1,"27":2,"28":14},"f":{"0":9,"1":2,"2":3,"3":1,"4":2,"5":1,"6":2,"7":1,"8":2,"9":1,"10":2},"b":{"0":[1],"1":[8,7],"2":[8,7],"3":[8,7],"4":[1],"5":[1]}}
,"/Users/bfguo/Dropbox/Mac/Documents/LinkDAO/app/backend/src/services/bots/communityModeratorBot.ts": {"path":"/Users/bfguo/Dropbox/Mac/Documents/LinkDAO/app/backend/src/services/bots/communityModeratorBot.ts","statementMap":{"0":{"start":{"line":1,"column":0},"end":{"line":1,"column":63}},"1":{"start":{"line":13,"column":4},"end":{"line":23,"column":6}},"2":{"start":{"line":28,"column":20},"end":{"line":28,"column":65}},"3":{"start":{"line":30,"column":4},"end":{"line":47,"column":5}},"4":{"start":{"line":32,"column":23},"end":{"line":41,"column":8}},"5":{"start":{"line":43,"column":6},"end":{"line":46,"column":8}},"6":{"start":{"line":49,"column":4},"end":{"line":49,"column":30}},"7":{"start":{"line":53,"column":19},"end":{"line":61,"column":6}},"8":{"start":{"line":63,"column":4},"end":{"line":72,"column":7}},"9":{"start":{"line":11,"column":0},"end":{"line":11,"column":13}}},"fnMap":{"0":{"name":"(anonymous_0)","decl":{"start":{"line":12,"column":2},"end":{"line":12,"column":null}},"loc":{"start":{"line":12,"column":2},"end":{"line":24,"column":3}}},"1":{"name":"(anonymous_1)","decl":{"start":{"line":26,"column":2},"end":{"line":26,"column":7}},"loc":{"start":{"line":26,"column":39},"end":{"line":50,"column":3}}},"2":{"name":"(anonymous_2)","decl":{"start":{"line":52,"column":2},"end":{"line":52,"column":7}},"loc":{"start":{"line":52,"column":58},"end":{"line":73,"column":3}}}},"branchMap":{"0":{"loc":{"start":{"line":30,"column":4},"end":{"line":47,"column":5}},"type":"if","locations":[{"start":{"line":30,"column":4},"end":{"line":47,"column":5}}]}},"s":{"0":1,"1":1,"2":0,"3":0,"4":0,"5":0,"6":0,"7":0,"8":0,"9":1},"f":{"0":1,"1":0,"2":0},"b":{"0":[0]}}
,"/Users/bfguo/Dropbox/Mac/Documents/LinkDAO/app/backend/src/services/bots/proposalSummarizerBot.ts": {"path":"/Users/bfguo/Dropbox/Mac/Documents/LinkDAO/app/backend/src/services/bots/proposalSummarizerBot.ts","statementMap":{"0":{"start":{"line":1,"column":0},"end":{"line":1,"column":63}},"1":{"start":{"line":16,"column":4},"end":{"line":26,"column":6}},"2":{"start":{"line":32,"column":25},"end":{"line":32,"column":77}},"3":{"start":{"line":34,"column":19},"end":{"line":49,"column":6}},"4":{"start":{"line":51,"column":4},"end":{"line":60,"column":7}},"5":{"start":{"line":14,"column":0},"end":{"line":14,"column":13}}},"fnMap":{"0":{"name":"(anonymous_0)","decl":{"start":{"line":15,"column":2},"end":{"line":15,"column":null}},"loc":{"start":{"line":15,"column":2},"end":{"line":27,"column":3}}},"1":{"name":"(anonymous_1)","decl":{"start":{"line":29,"column":2},"end":{"line":29,"column":7}},"loc":{"start":{"line":29,"column":58},"end":{"line":61,"column":3}}}},"branchMap":{},"s":{"0":1,"1":1,"2":0,"3":0,"4":0,"5":1},"f":{"0":1,"1":0},"b":{}}
,"/Users/bfguo/Dropbox/Mac/Documents/LinkDAO/app/backend/src/services/bots/socialCopilotBot.ts": {"path":"/Users/bfguo/Dropbox/Mac/Documents/LinkDAO/app/backend/src/services/bots/socialCopilotBot.ts","statementMap":{"0":{"start":{"line":1,"column":0},"end":{"line":1,"column":63}},"1":{"start":{"line":12,"column":4},"end":{"line":22,"column":6}},"2":{"start":{"line":29,"column":19},"end":{"line":37,"column":6}},"3":{"start":{"line":39,"column":4},"end":{"line":48,"column":7}},"4":{"start":{"line":52,"column":19},"end":{"line":60,"column":6}},"5":{"start":{"line":62,"column":4},"end":{"line":71,"column":7}},"6":{"start":{"line":10,"column":0},"end":{"line":10,"column":13}}},"fnMap":{"0":{"name":"(anonymous_0)","decl":{"start":{"line":11,"column":2},"end":{"line":11,"column":null}},"loc":{"start":{"line":11,"column":2},"end":{"line":23,"column":3}}},"1":{"name":"(anonymous_1)","decl":{"start":{"line":25,"column":2},"end":{"line":25,"column":7}},"loc":{"start":{"line":25,"column":54},"end":{"line":49,"column":3}}},"2":{"name":"(anonymous_2)","decl":{"start":{"line":51,"column":2},"end":{"line":51,"column":7}},"loc":{"start":{"line":51,"column":58},"end":{"line":72,"column":3}}}},"branchMap":{},"s":{"0":1,"1":1,"2":0,"3":0,"4":0,"5":0,"6":1},"f":{"0":1,"1":0,"2":0},"b":{}}
,"/Users/bfguo/Dropbox/Mac/Documents/LinkDAO/app/backend/src/services/bots/walletGuardBot.ts": {"path":"/Users/bfguo/Dropbox/Mac/Documents/LinkDAO/app/backend/src/services/bots/walletGuardBot.ts","statementMap":{"0":{"start":{"line":1,"column":0},"end":{"line":1,"column":63}},"1":{"start":{"line":14,"column":4},"end":{"line":24,"column":6}},"2":{"start":{"line":29,"column":25},"end":{"line":29,"column":81}},"3":{"start":{"line":32,"column":19},"end":{"line":55,"column":6}},"4":{"start":{"line":57,"column":4},"end":{"line":66,"column":7}},"5":{"start":{"line":72,"column":19},"end":{"line":80,"column":6}},"6":{"start":{"line":82,"column":4},"end":{"line":91,"column":7}},"7":{"start":{"line":12,"column":0},"end":{"line":12,"column":13}}},"fnMap":{"0":{"name":"(anonymous_0)","decl":{"start":{"line":13,"column":2},"end":{"line":13,"column":null}},"loc":{"start":{"line":13,"column":2},"end":{"line":25,"column":3}}},"1":{"name":"(anonymous_1)","decl":{"start":{"line":27,"column":2},"end":{"line":27,"column":7}},"loc":{"start":{"line":27,"column":76},"end":{"line":67,"column":3}}},"2":{"name":"(anonymous_2)","decl":{"start":{"line":69,"column":2},"end":{"line":69,"column":7}},"loc":{"start":{"line":69,"column":58},"end":{"line":92,"column":3}}}},"branchMap":{"0":{"loc":{"start":{"line":39,"column":52},"end":{"line":39,"column":95}},"type":"cond-expr","locations":[{"start":{"line":39,"column":85},"end":{"line":39,"column":90}},{"start":{"line":39,"column":93},"end":{"line":39,"column":95}}]},"1":{"loc":{"start":{"line":44,"column":27},"end":{"line":44,"column":70}},"type":"binary-expr","locations":[{"start":{"line":44,"column":27},"end":{"line":44,"column":57}},{"start":{"line":44,"column":61},"end":{"line":44,"column":70}}]},"2":{"loc":{"start":{"line":45,"column":17},"end":{"line":45,"column":51}},"type":"binary-expr","locations":[{"start":{"line":45,"column":17},"end":{"line":45,"column":38}},{"start":{"line":45,"column":42},"end":{"line":45,"column":51}}]}},"s":{"0":1,"1":1,"2":0,"3":0,"4":0,"5":0,"6":0,"7":1},"f":{"0":1,"1":0,"2":0},"b":{"0":[0,0],"1":[0,0],"2":[0,0]}}
}
