TN:
SF:src/controllers/followController.ts
FN:7,(anonymous_0)
FN:31,(anonymous_1)
FN:51,(anonymous_2)
FN:61,(anonymous_3)
FN:71,(anonymous_4)
FN:81,(anonymous_5)
FNF:6
FNH:0
FNDA:0,(anonymous_0)
FNDA:0,(anonymous_1)
FNDA:0,(anonymous_2)
FNDA:0,(anonymous_3)
FNDA:0,(anonymous_4)
FNDA:0,(anonymous_5)
DA:2,0
DA:4,0
DA:6,0
DA:8,0
DA:9,0
DA:11,0
DA:12,0
DA:15,0
DA:16,0
DA:19,0
DA:21,0
DA:22,0
DA:24,0
DA:27,0
DA:32,0
DA:33,0
DA:35,0
DA:36,0
DA:39,0
DA:41,0
DA:42,0
DA:44,0
DA:47,0
DA:52,0
DA:53,0
DA:54,0
DA:55,0
DA:57,0
DA:62,0
DA:63,0
DA:64,0
DA:65,0
DA:67,0
DA:72,0
DA:73,0
DA:74,0
DA:75,0
DA:77,0
DA:82,0
DA:83,0
DA:84,0
DA:85,0
DA:87,0
LF:43
LH:0
BRDA:11,0,0,0
BRDA:11,1,0,0
BRDA:11,1,1,0
BRDA:15,2,0,0
BRDA:21,3,0,0
BRDA:21,3,1,0
BRDA:35,4,0,0
BRDA:35,5,0,0
BRDA:35,5,1,0
BRDA:41,6,0,0
BRDA:41,6,1,0
BRF:11
BRH:0
end_of_record
TN:
SF:src/controllers/postController.ts
FN:8,(anonymous_0)
FN:18,(anonymous_1)
FN:31,(anonymous_2)
FN:41,(anonymous_3)
FN:51,(anonymous_4)
FN:65,(anonymous_5)
FN:78,(anonymous_6)
FN:87,(anonymous_7)
FNF:8
FNH:0
FNDA:0,(anonymous_0)
FNDA:0,(anonymous_1)
FNDA:0,(anonymous_2)
FNDA:0,(anonymous_3)
FNDA:0,(anonymous_4)
FNDA:0,(anonymous_5)
FNDA:0,(anonymous_6)
FNDA:0,(anonymous_7)
DA:2,0
DA:5,0
DA:7,0
DA:9,0
DA:10,0
DA:11,0
DA:12,0
DA:14,0
DA:19,0
DA:20,0
DA:21,0
DA:22,0
DA:23,0
DA:25,0
DA:27,0
DA:32,0
DA:33,0
DA:34,0
DA:35,0
DA:37,0
DA:42,0
DA:43,0
DA:44,0
DA:45,0
DA:47,0
DA:52,0
DA:53,0
DA:54,0
DA:55,0
DA:56,0
DA:57,0
DA:59,0
DA:61,0
DA:66,0
DA:67,0
DA:68,0
DA:69,0
DA:70,0
DA:72,0
DA:74,0
DA:79,0
DA:80,0
DA:81,0
DA:83,0
DA:88,0
DA:90,0
DA:91,0
DA:92,0
DA:94,0
LF:49
LH:0
BRDA:22,0,0,0
BRDA:56,1,0,0
BRDA:69,2,0,0
BRF:3
BRH:0
end_of_record
TN:
SF:src/controllers/userProfileController.ts
FN:8,(anonymous_0)
FN:18,(anonymous_1)
FN:31,(anonymous_2)
FN:44,(anonymous_3)
FN:58,(anonymous_4)
FN:71,(anonymous_5)
FNF:6
FNH:0
FNDA:0,(anonymous_0)
FNDA:0,(anonymous_1)
FNDA:0,(anonymous_2)
FNDA:0,(anonymous_3)
FNDA:0,(anonymous_4)
FNDA:0,(anonymous_5)
DA:2,0
DA:5,0
DA:7,0
DA:9,0
DA:10,0
DA:11,0
DA:12,0
DA:14,0
DA:19,0
DA:20,0
DA:21,0
DA:22,0
DA:23,0
DA:25,0
DA:27,0
DA:32,0
DA:33,0
DA:34,0
DA:35,0
DA:36,0
DA:38,0
DA:40,0
DA:45,0
DA:46,0
DA:47,0
DA:48,0
DA:49,0
DA:50,0
DA:52,0
DA:54,0
DA:59,0
DA:60,0
DA:61,0
DA:62,0
DA:63,0
DA:65,0
DA:67,0
DA:72,0
DA:73,0
DA:74,0
DA:76,0
LF:41
LH:0
BRDA:22,0,0,0
BRDA:35,1,0,0
BRDA:49,2,0,0
BRDA:62,3,0,0
BRF:4
BRH:0
end_of_record
TN:
SF:src/routes/aiRoutes.ts
FN:9,(anonymous_1)
FN:21,(anonymous_2)
FN:34,(anonymous_3)
FN:56,(anonymous_4)
FN:74,(anonymous_5)
FN:92,(anonymous_6)
FN:110,(anonymous_7)
FNF:7
FNH:0
FNDA:0,(anonymous_1)
FNDA:0,(anonymous_2)
FNDA:0,(anonymous_3)
FNDA:0,(anonymous_4)
FNDA:0,(anonymous_5)
FNDA:0,(anonymous_6)
FNDA:0,(anonymous_7)
DA:1,0
DA:2,0
DA:4,0
DA:9,0
DA:10,0
DA:11,0
DA:12,0
DA:14,0
DA:21,0
DA:22,0
DA:23,0
DA:24,0
DA:25,0
DA:27,0
DA:34,0
DA:35,0
DA:36,0
DA:37,0
DA:39,0
DA:40,0
DA:43,0
DA:44,0
DA:46,0
DA:47,0
DA:56,0
DA:57,0
DA:58,0
DA:60,0
DA:61,0
DA:65,0
DA:66,0
DA:68,0
DA:69,0
DA:74,0
DA:75,0
DA:76,0
DA:78,0
DA:79,0
DA:83,0
DA:84,0
DA:86,0
DA:87,0
DA:92,0
DA:93,0
DA:94,0
DA:96,0
DA:97,0
DA:101,0
DA:102,0
DA:104,0
DA:105,0
DA:110,0
DA:111,0
DA:112,0
DA:114,0
DA:115,0
DA:118,0
DA:119,0
DA:120,0
DA:122,0
DA:123,0
DA:127,0
LF:62
LH:0
BRDA:39,0,0,0
BRDA:39,1,0,0
BRDA:39,1,1,0
BRDA:47,2,0,0
BRDA:47,2,1,0
BRDA:60,3,0,0
BRDA:60,4,0,0
BRDA:60,4,1,0
BRDA:69,5,0,0
BRDA:69,5,1,0
BRDA:78,6,0,0
BRDA:87,7,0,0
BRDA:87,7,1,0
BRDA:96,8,0,0
BRDA:105,9,0,0
BRDA:105,9,1,0
BRDA:114,10,0,0
BRDA:118,11,0,0
BRDA:118,11,1,0
BRDA:123,12,0,0
BRDA:123,12,1,0
BRF:21
BRH:0
end_of_record
TN:
SF:src/routes/followRoutes.ts
FNF:0
FNH:0
DA:1,0
DA:2,0
DA:4,0
DA:5,0
DA:7,0
DA:8,0
DA:9,0
DA:10,0
DA:11,0
DA:12,0
DA:14,0
LF:11
LH:0
BRF:0
BRH:0
end_of_record
TN:
SF:src/routes/postRoutes.ts
FNF:0
FNH:0
DA:1,0
DA:2,0
DA:4,0
DA:5,0
DA:7,0
DA:8,0
DA:9,0
DA:10,0
DA:11,0
DA:12,0
DA:13,0
DA:14,0
DA:16,0
LF:13
LH:0
BRF:0
BRH:0
end_of_record
TN:
SF:src/routes/userProfileRoutes.ts
FNF:0
FNH:0
DA:1,0
DA:2,0
DA:4,0
DA:5,0
DA:7,0
DA:8,0
DA:9,0
DA:10,0
DA:11,0
DA:12,0
DA:14,0
LF:11
LH:0
BRF:0
BRH:0
end_of_record
TN:
SF:src/services/aiService.ts
FN:33,(anonymous_1)
FN:53,(anonymous_2)
FN:79,(anonymous_3)
FN:95,(anonymous_4)
FN:112,(anonymous_5)
FN:133,(anonymous_6)
FN:158,(anonymous_7)
FN:181,(anonymous_8)
FN:189,(anonymous_9)
FN:197,(anonymous_10)
FN:205,getAIService
FNF:11
FNH:7
FNDA:5,(anonymous_1)
FNDA:1,(anonymous_2)
FNDA:1,(anonymous_3)
FNDA:1,(anonymous_4)
FNDA:0,(anonymous_5)
FNDA:0,(anonymous_6)
FNDA:0,(anonymous_7)
FNDA:4,(anonymous_8)
FNDA:0,(anonymous_9)
FNDA:4,(anonymous_10)
FNDA:4,getAIService
DA:1,1
DA:2,1
DA:3,1
DA:28,1
DA:35,5
DA:40,5
DA:45,5
DA:58,1
DA:59,1
DA:65,1
DA:71,0
DA:72,0
DA:80,1
DA:81,1
DA:85,1
DA:87,0
DA:88,0
DA:96,1
DA:97,1
DA:102,1
DA:104,0
DA:105,0
DA:113,0
DA:114,0
DA:115,0
DA:117,0
DA:123,0
DA:125,0
DA:126,0
DA:134,0
DA:136,0
DA:139,0
DA:144,0
DA:150,0
DA:151,0
DA:163,0
DA:177,1
DA:182,4
DA:183,4
DA:191,0
DA:198,4
DA:203,1
DA:205,1
DA:206,4
DA:207,1
DA:209,4
LF:46
LH:25
BRDA:41,0,0,5
BRDA:41,0,1,5
BRDA:46,1,0,5
BRDA:46,1,1,5
BRDA:55,2,0,1
BRDA:56,3,0,1
BRDA:66,4,0,1
BRDA:66,4,1,0
BRDA:67,5,0,1
BRDA:67,5,1,0
BRDA:112,6,0,0
BRDA:114,7,0,0
BRDA:114,7,1,0
BRDA:123,8,0,0
BRDA:123,8,1,0
BRDA:206,9,0,1
BRF:16
BRH:9
end_of_record
TN:
SF:src/services/botManager.ts
FN:13,ensureBotsInitialized
FN:25,getBot
FN:31,getAllBots
FN:44,processMessageWithBot
FN:76,getBotsByCategory
FN:79,(anonymous_5)
FN:82,(anonymous_6)
FNF:7
FNH:0
FNDA:0,ensureBotsInitialized
FNDA:0,getBot
FNDA:0,getAllBots
FNDA:0,processMessageWithBot
FNDA:0,getBotsByCategory
FNDA:0,(anonymous_5)
FNDA:0,(anonymous_6)
DA:2,0
DA:3,0
DA:4,0
DA:5,0
DA:8,0
DA:11,0
DA:14,0
DA:15,0
DA:16,0
DA:17,0
DA:18,0
DA:19,0
DA:20,0
DA:25,0
DA:26,0
DA:27,0
DA:31,0
DA:32,0
DA:33,0
DA:34,0
DA:35,0
DA:40,0
DA:44,0
DA:45,0
DA:46,0
DA:47,0
DA:48,0
DA:51,0
DA:52,0
DA:53,0
DA:61,0
DA:62,0
DA:67,0
DA:76,0
DA:77,0
DA:78,0
DA:79,0
DA:80,0
DA:81,0
DA:82,0
LF:40
LH:0
BRDA:14,0,0,0
BRDA:47,1,0,0
BRDA:78,2,0,0
BRDA:78,2,1,0
BRDA:81,3,0,0
BRDA:81,3,1,0
BRF:6
BRH:0
end_of_record
TN:
SF:src/services/followService.ts
FN:6,(anonymous_0)
FN:9,(anonymous_1)
FN:26,(anonymous_2)
FN:28,(anonymous_3)
FN:39,(anonymous_4)
FN:40,(anonymous_5)
FN:43,(anonymous_6)
FN:44,(anonymous_7)
FN:47,(anonymous_8)
FN:49,(anonymous_9)
FN:53,(anonymous_10)
FN:54,(anonymous_11)
FN:55,(anonymous_12)
FNF:13
FNH:13
FNDA:13,(anonymous_0)
FNDA:9,(anonymous_1)
FNDA:2,(anonymous_2)
FNDA:1,(anonymous_3)
FNDA:2,(anonymous_4)
FNDA:2,(anonymous_5)
FNDA:2,(anonymous_6)
FNDA:2,(anonymous_7)
FNDA:2,(anonymous_8)
FNDA:1,(anonymous_9)
FNDA:2,(anonymous_10)
FNDA:4,(anonymous_11)
FNDA:4,(anonymous_12)
DA:3,15
DA:5,15
DA:8,13
DA:9,9
DA:12,13
DA:13,1
DA:17,12
DA:23,12
DA:27,2
DA:28,1
DA:31,2
DA:32,1
DA:35,1
DA:36,1
DA:40,2
DA:44,2
DA:48,2
DA:49,1
DA:54,4
DA:55,4
DA:57,2
LF:21
LH:21
BRDA:9,0,0,9
BRDA:9,0,1,3
BRDA:12,1,0,1
BRDA:28,2,0,1
BRDA:28,2,1,1
BRDA:31,3,0,1
BRDA:49,4,0,1
BRDA:49,4,1,1
BRF:8
BRH:8
end_of_record
TN:
SF:src/services/indexerService.ts
FN:44,(anonymous_0)
FN:84,(anonymous_1)
FN:88,(anonymous_2)
FN:99,(anonymous_3)
FN:120,(anonymous_4)
FN:123,(anonymous_5)
FN:127,(anonymous_6)
FN:133,(anonymous_7)
FN:142,(anonymous_8)
FN:148,(anonymous_9)
FN:157,(anonymous_10)
FN:165,(anonymous_11)
FN:170,(anonymous_12)
FN:175,(anonymous_13)
FN:188,(anonymous_14)
FN:201,(anonymous_15)
FNF:16
FNH:0
FNDA:0,(anonymous_0)
FNDA:0,(anonymous_1)
FNDA:0,(anonymous_2)
FNDA:0,(anonymous_3)
FNDA:0,(anonymous_4)
FNDA:0,(anonymous_5)
FNDA:0,(anonymous_6)
FNDA:0,(anonymous_7)
FNDA:0,(anonymous_8)
FNDA:0,(anonymous_9)
FNDA:0,(anonymous_10)
FNDA:0,(anonymous_11)
FNDA:0,(anonymous_12)
FNDA:0,(anonymous_13)
FNDA:0,(anonymous_14)
FNDA:0,(anonymous_15)
DA:1,0
DA:2,0
DA:3,0
DA:4,0
DA:7,0
DA:12,0
DA:17,0
DA:21,0
DA:28,0
DA:32,0
DA:34,0
DA:35,0
DA:36,0
DA:37,0
DA:42,0
DA:51,0
DA:52,0
DA:53,0
DA:54,0
DA:55,0
DA:58,0
DA:59,0
DA:60,0
DA:63,0
DA:64,0
DA:65,0
DA:68,0
DA:69,0
DA:70,0
DA:73,0
DA:74,0
DA:75,0
DA:79,0
DA:80,0
DA:85,0
DA:90,0
DA:96,0
DA:100,0
DA:103,0
DA:104,0
DA:105,0
DA:107,0
DA:108,0
DA:112,0
DA:113,0
DA:114,0
DA:116,0
DA:120,0
DA:124,0
DA:126,0
DA:127,0
DA:128,0
DA:133,0
DA:134,0
DA:141,0
DA:142,0
DA:143,0
DA:148,0
DA:149,0
DA:156,0
DA:157,0
DA:158,0
DA:164,0
DA:165,0
DA:166,0
DA:170,0
DA:171,0
DA:175,0
DA:176,0
DA:181,0
DA:183,0
DA:184,0
DA:189,0
DA:190,0
DA:192,0
DA:193,0
DA:194,0
DA:197,0
DA:202,0
DA:204,0
DA:205,0
DA:207,0
DA:208,0
DA:210,0
DA:211,0
DA:213,0
DA:214,0
LF:87
LH:0
BRDA:58,0,0,0
BRDA:58,1,0,0
BRDA:58,1,1,0
BRDA:63,2,0,0
BRDA:63,3,0,0
BRDA:63,3,1,0
BRDA:68,4,0,0
BRDA:68,5,0,0
BRDA:68,5,1,0
BRDA:73,6,0,0
BRDA:73,7,0,0
BRDA:73,7,1,0
BRDA:79,8,0,0
BRDA:79,9,0,0
BRDA:79,9,1,0
BRDA:79,9,2,0
BRDA:79,9,3,0
BRDA:85,10,0,0
BRDA:85,10,1,0
BRDA:85,10,2,0
BRDA:112,11,0,0
BRDA:112,11,1,0
BRDA:126,12,0,0
BRDA:141,13,0,0
BRDA:156,14,0,0
BRDA:164,15,0,0
BRDA:192,16,0,0
BRDA:204,17,0,0
BRDA:207,18,0,0
BRDA:210,19,0,0
BRDA:213,20,0,0
BRF:31
BRH:0
end_of_record
TN:
SF:src/services/indexingService.ts
FN:38,(anonymous_0)
FN:58,(anonymous_1)
FN:69,(anonymous_2)
FN:72,(anonymous_3)
FN:74,(anonymous_4)
FN:80,(anonymous_5)
FN:87,(anonymous_6)
FN:93,(anonymous_7)
FN:100,(anonymous_8)
FN:106,(anonymous_9)
FN:111,(anonymous_10)
FN:116,(anonymous_11)
FN:122,(anonymous_12)
FN:135,(anonymous_13)
FNF:14
FNH:0
FNDA:0,(anonymous_0)
FNDA:0,(anonymous_1)
FNDA:0,(anonymous_2)
FNDA:0,(anonymous_3)
FNDA:0,(anonymous_4)
FNDA:0,(anonymous_5)
FNDA:0,(anonymous_6)
FNDA:0,(anonymous_7)
FNDA:0,(anonymous_8)
FNDA:0,(anonymous_9)
FNDA:0,(anonymous_10)
FNDA:0,(anonymous_11)
FNDA:0,(anonymous_12)
FNDA:0,(anonymous_13)
DA:1,0
DA:2,0
DA:3,0
DA:4,0
DA:7,0
DA:12,0
DA:17,0
DA:21,0
DA:27,0
DA:45,0
DA:46,0
DA:47,0
DA:48,0
DA:49,0
DA:51,0
DA:52,0
DA:53,0
DA:55,0
DA:59,0
DA:62,0
DA:63,0
DA:66,0
DA:69,0
DA:74,0
DA:75,0
DA:80,0
DA:81,0
DA:87,0
DA:88,0
DA:93,0
DA:94,0
DA:100,0
DA:101,0
DA:106,0
DA:107,0
DA:111,0
DA:112,0
DA:116,0
DA:117,0
DA:123,0
DA:124,0
DA:126,0
DA:127,0
DA:128,0
DA:131,0
DA:136,0
DA:138,0
DA:139,0
DA:140,0
DA:141,0
LF:50
LH:0
BRDA:126,0,0,0
BRF:1
BRH:0
end_of_record
TN:
SF:src/services/metadataService.ts
FN:21,(anonymous_0)
FN:35,(anonymous_1)
FN:55,(anonymous_2)
FN:77,(anonymous_3)
FN:97,(anonymous_4)
FN:116,(anonymous_5)
FN:133,(anonymous_6)
FNF:7
FNH:0
FNDA:0,(anonymous_0)
FNDA:0,(anonymous_1)
FNDA:0,(anonymous_2)
FNDA:0,(anonymous_3)
FNDA:0,(anonymous_4)
FNDA:0,(anonymous_5)
FNDA:0,(anonymous_6)
DA:5,0
DA:12,0
DA:18,0
DA:36,0
DA:42,0
DA:43,0
DA:45,0
DA:46,0
DA:56,0
DA:64,0
DA:65,0
DA:67,0
DA:68,0
DA:78,0
DA:84,0
DA:85,0
DA:87,0
DA:88,0
DA:98,0
DA:104,0
DA:105,0
DA:107,0
DA:108,0
DA:117,0
DA:121,0
DA:123,0
DA:124,0
DA:134,0
DA:136,0
DA:139,0
DA:141,0
DA:142,0
DA:144,0
DA:145,0
LF:34
LH:0
BRDA:6,0,0,0
BRDA:6,0,1,0
BRDA:7,1,0,0
BRDA:7,1,1,0
BRDA:8,2,0,0
BRDA:8,2,1,0
BRDA:13,3,0,0
BRDA:13,3,1,0
BRDA:14,4,0,0
BRDA:14,4,1,0
BRDA:15,5,0,0
BRDA:15,5,1,0
BRF:12
BRH:0
end_of_record
TN:
SF:src/services/postService.ts
FN:12,(anonymous_0)
FN:16,(anonymous_1)
FN:44,(anonymous_2)
FN:45,(anonymous_3)
FN:48,(anonymous_4)
FN:49,(anonymous_5)
FN:52,(anonymous_6)
FN:53,(anonymous_7)
FN:56,(anonymous_8)
FN:57,(anonymous_9)
FN:92,(anonymous_10)
FN:93,(anonymous_11)
FN:102,(anonymous_12)
FN:106,(anonymous_13)
FN:109,(anonymous_14)
FNF:15
FNH:15
FNDA:24,(anonymous_0)
FNDA:15,(anonymous_1)
FNDA:3,(anonymous_2)
FNDA:1,(anonymous_3)
FNDA:2,(anonymous_4)
FNDA:3,(anonymous_5)
FNDA:2,(anonymous_6)
FNDA:3,(anonymous_7)
FNDA:2,(anonymous_8)
FNDA:1,(anonymous_9)
FNDA:2,(anonymous_10)
FNDA:1,(anonymous_11)
FNDA:2,(anonymous_12)
FNDA:2,(anonymous_13)
FNDA:1,(anonymous_14)
DA:2,24
DA:6,24
DA:7,24
DA:9,24
DA:13,24
DA:18,15
DA:21,15
DA:22,15
DA:23,2
DA:24,3
DA:25,3
DA:29,15
DA:40,15
DA:41,15
DA:45,3
DA:49,3
DA:53,3
DA:57,2
DA:58,2
DA:59,1
DA:62,1
DA:65,1
DA:66,1
DA:67,1
DA:71,1
DA:72,1
DA:73,1
DA:74,1
DA:75,1
DA:76,1
DA:80,1
DA:88,1
DA:89,1
DA:93,2
DA:94,2
DA:95,1
DA:98,1
DA:99,1
DA:103,2
DA:109,2
LF:40
LH:40
BRDA:22,0,0,2
BRDA:32,1,0,15
BRDA:32,1,1,14
BRDA:35,2,0,15
BRDA:35,2,1,9
BRDA:37,3,0,15
BRDA:37,3,1,14
BRDA:58,4,0,1
BRDA:66,5,0,1
BRDA:72,6,0,1
BRDA:84,7,0,1
BRDA:84,7,1,0
BRDA:94,8,0,1
BRF:13
BRH:12
end_of_record
TN:
SF:src/services/userProfileService.ts
FN:9,(anonymous_0)
FN:10,(anonymous_1)
FN:30,(anonymous_2)
FN:31,(anonymous_3)
FN:34,(anonymous_4)
FN:35,(anonymous_5)
FN:38,(anonymous_6)
FN:39,(anonymous_7)
FN:55,(anonymous_8)
FN:56,(anonymous_9)
FN:65,(anonymous_10)
FNF:11
FNH:11
FNDA:9,(anonymous_0)
FNDA:2,(anonymous_1)
FNDA:3,(anonymous_2)
FNDA:1,(anonymous_3)
FNDA:2,(anonymous_4)
FNDA:1,(anonymous_5)
FNDA:2,(anonymous_6)
FNDA:1,(anonymous_7)
FNDA:2,(anonymous_8)
FNDA:1,(anonymous_9)
FNDA:2,(anonymous_10)
DA:5,14
DA:6,14
DA:8,14
DA:10,9
DA:11,9
DA:12,1
DA:15,8
DA:26,8
DA:27,8
DA:31,3
DA:35,2
DA:39,2
DA:40,2
DA:41,1
DA:44,1
DA:45,1
DA:51,1
DA:52,1
DA:56,2
DA:57,2
DA:58,1
DA:61,1
DA:62,1
DA:66,2
LF:24
LH:24
BRDA:11,0,0,1
BRDA:19,1,0,8
BRDA:19,1,1,7
BRDA:20,2,0,8
BRDA:20,2,1,7
BRDA:21,3,0,8
BRDA:21,3,1,7
BRDA:40,4,0,1
BRDA:57,5,0,1
BRF:9
BRH:9
end_of_record
TN:
SF:src/services/bots/communityModeratorBot.ts
FN:12,(anonymous_0)
FN:26,(anonymous_1)
FN:52,(anonymous_2)
FNF:3
FNH:1
FNDA:1,(anonymous_0)
FNDA:0,(anonymous_1)
FNDA:0,(anonymous_2)
DA:1,1
DA:11,1
DA:13,1
DA:28,0
DA:30,0
DA:32,0
DA:43,0
DA:49,0
DA:53,0
DA:63,0
LF:10
LH:3
BRDA:30,0,0,0
BRF:1
BRH:0
end_of_record
TN:
SF:src/services/bots/proposalSummarizerBot.ts
FN:15,(anonymous_0)
FN:29,(anonymous_1)
FNF:2
FNH:1
FNDA:1,(anonymous_0)
FNDA:0,(anonymous_1)
DA:1,1
DA:14,1
DA:16,1
DA:32,0
DA:34,0
DA:51,0
LF:6
LH:3
BRF:0
BRH:0
end_of_record
TN:
SF:src/services/bots/socialCopilotBot.ts
FN:11,(anonymous_0)
FN:25,(anonymous_1)
FN:51,(anonymous_2)
FNF:3
FNH:1
FNDA:1,(anonymous_0)
FNDA:0,(anonymous_1)
FNDA:0,(anonymous_2)
DA:1,1
DA:10,1
DA:12,1
DA:29,0
DA:39,0
DA:52,0
DA:62,0
LF:7
LH:3
BRF:0
BRH:0
end_of_record
TN:
SF:src/services/bots/walletGuardBot.ts
FN:13,(anonymous_0)
FN:27,(anonymous_1)
FN:69,(anonymous_2)
FNF:3
FNH:1
FNDA:1,(anonymous_0)
FNDA:0,(anonymous_1)
FNDA:0,(anonymous_2)
DA:1,1
DA:12,1
DA:14,1
DA:29,0
DA:32,0
DA:57,0
DA:72,0
DA:82,0
LF:8
LH:3
BRDA:39,0,0,0
BRDA:39,0,1,0
BRDA:44,1,0,0
BRDA:44,1,1,0
BRDA:45,2,0,0
BRDA:45,2,1,0
BRF:6
BRH:0
end_of_record
